11:52:12 DEBUG SimpleXMLCollection  :: Found 10 terms
 11:52:12 DEBUG SimpleXMLCollection  :: Found 5 terms
 11:52:12 DEBUG SimpleXMLCollection  :: Found 8 terms
 11:52:12 DEBUG SimpleXMLCollection  :: Found 56 terms
 11:52:12 DEBUG SimpleXMLCollection  :: Found 12 terms
 11:52:12 DEBUG SimpleXMLCollection  :: Found 4 terms
 11:52:12 DEBUG SimpleXMLCollection  :: Found 4 terms
 11:52:12 DEBUG SimpleXMLCollection  :: Found 12 terms
 11:52:12 DEBUG SimpleXMLCollection  :: Found 18 terms
 11:52:12 DEBUG SimpleXMLCollection  :: Found 8 terms
 11:52:12 DEBUG SimpleXMLCollection  :: Found 8 terms
 11:52:12 DEBUG SimpleXMLCollection  :: Found 10 terms
 11:52:12 DEBUG SimpleXMLCollection  :: Found 5 terms
 11:52:12 DEBUG SimpleXMLCollection  :: Found 6 terms
 11:52:12 DEBUG SimpleXMLCollection  :: Found 6 terms
 11:52:12 DEBUG SimpleXMLCollection  :: Found 4 terms
 11:52:12 DEBUG SimpleXMLCollection  :: Found 8 terms
 11:52:12 DEBUG SimpleXMLCollection  :: Found 8 terms
 11:52:12 DEBUG SimpleXMLCollection  :: Found 5 terms
 11:52:12 DEBUG SimpleXMLCollection  :: Found 10 terms
 11:52:12 DEBUG SimpleXMLCollection  :: Found 8 terms
 11:52:12 DEBUG SimpleXMLCollection  :: Found 4 terms
 11:52:12 DEBUG SimpleXMLCollection  :: Found 10 terms
 11:52:12 DEBUG SimpleXMLCollection  :: Found 3 terms
 11:52:12 DEBUG SimpleXMLCollection  :: Found 6 terms
 11:52:12 DEBUG SimpleXMLCollection  :: Found 4 terms
 11:52:12 DEBUG SimpleXMLCollection  :: Found 7 terms
 11:52:12 DEBUG SimpleXMLCollection  :: Found 6 terms
 11:52:12 DEBUG SimpleXMLCollection  :: Found 4 terms
 11:52:12 DEBUG SimpleXMLCollection  :: Found 6 terms
 11:52:12 DEBUG SimpleXMLCollection  :: Found 8 terms
 11:52:12 DEBUG SimpleXMLCollection  :: Found 4 terms
 11:52:12 DEBUG SimpleXMLCollection  :: Found 20 terms
 11:52:12 DEBUG SimpleXMLCollection  :: Found 4 terms
 11:52:12 DEBUG SimpleXMLCollection  :: Found 8 terms
 11:52:12 DEBUG SimpleXMLCollection  :: Found 6 terms
 11:52:12 DEBUG SimpleXMLCollection  :: Found 8 terms
 11:52:12 DEBUG SimpleXMLCollection  :: Found 4 terms
 11:52:12 DEBUG SimpleXMLCollection  :: Found 6 terms
 11:52:12 DEBUG SimpleXMLCollection  :: Found 6 terms
 11:52:12 DEBUG SimpleXMLCollection  :: Found 8 terms
 11:52:12 DEBUG SimpleXMLCollection  :: Found 18 terms
 11:52:12 DEBUG SimpleXMLCollection  :: Found 14 terms
 11:52:12 DEBUG SimpleXMLCollection  :: Found 15 terms
 11:52:12 DEBUG SimpleXMLCollection  :: Found 4 terms
 11:52:12 DEBUG SimpleXMLCollection  :: Found 3 terms
 11:52:12 DEBUG SimpleXMLCollection  :: Found 13 terms
 11:52:12 DEBUG SimpleXMLCollection  :: Found 6 terms
 11:52:12 DEBUG SimpleXMLCollection  :: Found 6 terms
 11:52:12 DEBUG SimpleXMLCollection  :: Found 4 terms
 11:52:12 DEBUG SimpleXMLCollection  :: Found 8 terms
 11:52:12 DEBUG SimpleXMLCollection  :: Found 8 terms
 11:52:12 DEBUG SimpleXMLCollection  :: Found 8 terms
 11:52:12 DEBUG SimpleXMLCollection  :: Found 6 terms
 11:52:12 DEBUG SimpleXMLCollection  :: Found 7 terms
 11:52:12 DEBUG SimpleXMLCollection  :: Found 5 terms
 11:52:12 DEBUG SimpleXMLCollection  :: Found 15 terms
 11:52:12 DEBUG SimpleXMLCollection  :: Found 6 terms
 11:52:12 DEBUG SimpleXMLCollection  :: Found 4 terms
 11:52:12 DEBUG SimpleXMLCollection  :: Found 8 terms
 11:52:12 DEBUG SimpleXMLCollection  :: Found 4 terms
 11:52:12 DEBUG SimpleXMLCollection  :: Found 8 terms
 11:52:12 DEBUG SimpleXMLCollection  :: Found 6 terms
 11:52:12 DEBUG SimpleXMLCollection  :: Found 6 terms
 11:52:12 DEBUG SimpleXMLCollection  :: Found 30 terms
 11:52:12 DEBUG SimpleXMLCollection  :: Found 10 terms
 11:52:12 DEBUG SimpleXMLCollection  :: Found 8 terms
 11:52:12 DEBUG SimpleXMLCollection  :: Found 4 terms
 11:52:12 DEBUG SimpleXMLCollection  :: Found 25 terms
 11:52:12 DEBUG SimpleXMLCollection  :: Found 4 terms
 11:52:12 DEBUG SimpleXMLCollection  :: Found 5 terms
 11:52:12 DEBUG SimpleXMLCollection  :: Found 8 terms
 11:52:12 DEBUG SimpleXMLCollection  :: Found 5 terms
 11:52:12 DEBUG SimpleXMLCollection  :: Found 6 terms
 11:52:12 DEBUG SimpleXMLCollection  :: Found 6 terms
 11:52:12 DEBUG SimpleXMLCollection  :: Found 4 terms
 11:52:12 DEBUG SimpleXMLCollection  :: Found 6 terms
 11:52:12 DEBUG SimpleXMLCollection  :: Found 7 terms
 11:52:12 DEBUG SimpleXMLCollection  :: Found 5 terms
 11:52:12 DEBUG SimpleXMLCollection  :: Found 4 terms
 11:52:12 DEBUG SimpleXMLCollection  :: Found 12 terms
 11:52:12 DEBUG SimpleXMLCollection  :: Found 8 terms
 11:52:12 DEBUG SimpleXMLCollection  :: Found 3 terms
 11:52:12 DEBUG SimpleXMLCollection  :: Found 14 terms
 11:52:12 DEBUG SimpleXMLCollection  :: Found 4 terms
 11:52:12 DEBUG SimpleXMLCollection  :: Found 6 terms
 11:52:12 DEBUG SimpleXMLCollection  :: Found 4 terms
 11:52:12 DEBUG SimpleXMLCollection  :: Found 6 terms
 11:52:12 DEBUG SimpleXMLCollection  :: Found 15 terms
 11:52:12 DEBUG SimpleXMLCollection  :: Found 4 terms
 11:52:12 DEBUG SimpleXMLCollection  :: Found 12 terms
 11:52:12 DEBUG SimpleXMLCollection  :: Found 10 terms
 11:52:12 DEBUG SimpleXMLCollection  :: Found 7 terms
 11:52:12 DEBUG SimpleXMLCollection  :: Found 8 terms
 11:52:12 DEBUG SimpleXMLCollection  :: Found 5 terms
 11:52:12 DEBUG SimpleXMLCollection  :: Found 8 terms
 11:52:12 DEBUG SimpleXMLCollection  :: Found 10 terms
 11:52:12 DEBUG SimpleXMLCollection  :: Found 6 terms
 11:52:12 DEBUG SimpleXMLCollection  :: Found 6 terms
 11:52:12 DEBUG SimpleXMLCollection  :: Found 12 terms
 11:52:12 DEBUG SimpleXMLCollection  :: Found 6 terms
 11:52:12 DEBUG SimpleXMLCollection  :: Found 6 terms
 11:52:12 DEBUG SimpleXMLCollection  :: Found 4 terms
 11:52:12 DEBUG SimpleXMLCollection  :: Found 8 terms
 11:52:12 DEBUG SimpleXMLCollection  :: Found 4 terms
 11:52:12 DEBUG SimpleXMLCollection  :: Found 6 terms
 11:52:12 DEBUG SimpleXMLCollection  :: Found 4 terms
 11:52:12 DEBUG SimpleXMLCollection  :: Found 6 terms
 11:52:12 DEBUG SimpleXMLCollection  :: Found 4 terms
 11:52:12 DEBUG SimpleXMLCollection  :: Found 6 terms
 11:52:12 DEBUG SimpleXMLCollection  :: Found 4 terms
 11:52:12 DEBUG SimpleXMLCollection  :: Found 6 terms
 11:52:12 DEBUG SimpleXMLCollection  :: Found 5 terms
 11:52:12 DEBUG SimpleXMLCollection  :: Found 5 terms
 11:52:12 DEBUG SimpleXMLCollection  :: Found 4 terms
 11:52:12 DEBUG SimpleXMLCollection  :: Found 6 terms
 11:52:12 DEBUG SimpleXMLCollection  :: Found 20 terms
 11:52:12 DEBUG SimpleXMLCollection  :: Found 10 terms
 11:52:12 DEBUG SimpleXMLCollection  :: Found 4 terms
 11:52:12 DEBUG SimpleXMLCollection  :: Found 8 terms
 11:52:12 DEBUG SimpleXMLCollection  :: Found 6 terms
 11:52:12 DEBUG SimpleXMLCollection  :: Found 5 terms
 11:52:12 DEBUG SimpleXMLCollection  :: Found 5 terms
 11:52:12 DEBUG SimpleXMLCollection  :: Found 4 terms
 11:52:12 DEBUG SimpleXMLCollection  :: Found 6 terms
 11:52:12 DEBUG SimpleXMLCollection  :: Found 7 terms
 11:52:12 DEBUG SimpleXMLCollection  :: Found 4 terms
 11:52:12 DEBUG SimpleXMLCollection  :: Found 4 terms
 11:52:12 DEBUG SimpleXMLCollection  :: Found 8 terms
 11:52:12 DEBUG SimpleXMLCollection  :: Found 4 terms
 11:52:12 DEBUG SimpleXMLCollection  :: Found 6 terms
 11:52:12 DEBUG SimpleXMLCollection  :: Found 8 terms
 11:52:12 DEBUG SimpleXMLCollection  :: Found 4 terms
 11:52:12 DEBUG SimpleXMLCollection  :: Found 10 terms
 11:52:12 DEBUG SimpleXMLCollection  :: Found 5 terms
 11:52:12 DEBUG SimpleXMLCollection  :: Found 12 terms
 11:52:12 DEBUG SimpleXMLCollection  :: Found 10 terms
 11:52:12 DEBUG SimpleXMLCollection  :: Found 15 terms
 11:52:12 DEBUG SimpleXMLCollection  :: Found 7 terms
 11:52:12 DEBUG SimpleXMLCollection  :: Found 6 terms
 11:52:12 DEBUG SimpleXMLCollection  :: Found 8 terms
 11:52:12 DEBUG SimpleXMLCollection  :: Found 8 terms
 11:52:12 DEBUG SimpleXMLCollection  :: Found 4 terms
 11:52:12 DEBUG SimpleXMLCollection  :: Found 4 terms
 11:52:12 DEBUG SimpleXMLCollection  :: Found 12 terms
 11:52:12 DEBUG SimpleXMLCollection  :: Found 6 terms
 11:52:12 DEBUG SimpleXMLCollection  :: Found 6 terms
 11:52:12 DEBUG SimpleXMLCollection  :: Found 8 terms
 11:52:12 DEBUG SimpleXMLCollection  :: Found 8 terms
 11:52:12 DEBUG SimpleXMLCollection  :: Found 12 terms
 11:52:12 DEBUG SimpleXMLCollection  :: Found 4 terms
 11:52:12 DEBUG SimpleXMLCollection  :: Found 8 terms
 11:52:12 DEBUG SimpleXMLCollection  :: Found 5 terms
 11:52:12 DEBUG SimpleXMLCollection  :: Found 6 terms
 11:52:12 DEBUG SimpleXMLCollection  :: Found 6 terms
 11:52:12 DEBUG SimpleXMLCollection  :: Found 8 terms
 11:52:12 DEBUG SimpleXMLCollection  :: Found 8 terms
 11:52:12 DEBUG SimpleXMLCollection  :: Found 8 terms
 11:52:12 DEBUG SimpleXMLCollection  :: Found 6 terms
 11:52:12 DEBUG SimpleXMLCollection  :: Found 4 terms
 11:52:12 DEBUG SimpleXMLCollection  :: Found 5 terms
 11:52:12 DEBUG SimpleXMLCollection  :: Found 6 terms
 11:52:12 DEBUG SimpleXMLCollection  :: Found 8 terms
 11:52:12 DEBUG SimpleXMLCollection  :: Found 6 terms
 11:52:12 DEBUG SimpleXMLCollection  :: Found 13 terms
 11:52:12 DEBUG SimpleXMLCollection  :: Found 4 terms
 11:52:12 DEBUG SimpleXMLCollection  :: Found 7 terms
 11:52:12 DEBUG SimpleXMLCollection  :: Found 6 terms
 11:52:12 DEBUG SimpleXMLCollection  :: Found 4 terms
 11:52:12 DEBUG SimpleXMLCollection  :: Found 10 terms
 11:52:12 DEBUG SimpleXMLCollection  :: Found 6 terms
 11:52:12 DEBUG SimpleXMLCollection  :: Found 8 terms
 11:52:12 DEBUG SimpleXMLCollection  :: Found 25 terms
 11:52:12 DEBUG SimpleXMLCollection  :: Found 4 terms
 11:52:12 DEBUG SimpleXMLCollection  :: Found 5 terms
 11:52:12 DEBUG SimpleXMLCollection  :: Found 5 terms
 11:52:12 DEBUG SimpleXMLCollection  :: Found 24 terms
 11:52:12 DEBUG SimpleXMLCollection  :: Found 4 terms
 11:52:12 DEBUG SimpleXMLCollection  :: Found 6 terms
 11:52:12 DEBUG SimpleXMLCollection  :: Found 8 terms
 11:52:12 DEBUG SimpleXMLCollection  :: Found 6 terms
 11:52:12 DEBUG SimpleXMLCollection  :: Found 6 terms
 11:52:12 DEBUG SimpleXMLCollection  :: Found 4 terms
 11:52:12 DEBUG SimpleXMLCollection  :: Found 4 terms
 11:52:12 DEBUG SimpleXMLCollection  :: Found 10 terms
 11:52:12 DEBUG SimpleXMLCollection  :: Found 5 terms
 11:52:12 DEBUG SimpleXMLCollection  :: Found 8 terms
 11:52:12 DEBUG SimpleXMLCollection  :: Found 5 terms
 11:52:12 DEBUG SimpleXMLCollection  :: Found 6 terms
 11:52:12 DEBUG SimpleXMLCollection  :: Found 10 terms
 11:52:12 DEBUG SimpleXMLCollection  :: Found 21 terms
 11:52:12 DEBUG SimpleXMLCollection  :: Found 6 terms
 11:52:12 DEBUG SimpleXMLCollection  :: Found 12 terms
 11:52:12 DEBUG SimpleXMLCollection  :: Found 12 terms
 11:52:12 DEBUG SimpleXMLCollection  :: Found 3 terms
 11:52:12 DEBUG SimpleXMLCollection  :: Found 5 terms
 11:52:12 DEBUG SimpleXMLCollection  :: Found 6 terms
 11:52:12 DEBUG SimpleXMLCollection  :: Found 5 terms
 11:52:12 DEBUG SimpleXMLCollection  :: Found 4 terms
 11:52:12 DEBUG SimpleXMLCollection  :: Found 6 terms
 11:52:12 DEBUG SimpleXMLCollection  :: Found 6 terms
 11:52:12 DEBUG SimpleXMLCollection  :: Found 6 terms
 11:52:12 DEBUG SimpleXMLCollection  :: Found 4 terms
 11:52:12 DEBUG SimpleXMLCollection  :: Found 4 terms
 11:52:12 DEBUG SimpleXMLCollection  :: Found 10 terms
 11:52:12 DEBUG SimpleXMLCollection  :: Found 6 terms
 11:52:12 DEBUG SimpleXMLCollection  :: Found 6 terms
 11:52:12 DEBUG SimpleXMLCollection  :: Found 10 terms
 11:52:12 DEBUG SimpleXMLCollection  :: Found 4 terms
 11:52:12 DEBUG SimpleXMLCollection  :: Found 5 terms
 11:52:12 DEBUG SimpleXMLCollection  :: Found 4 terms
 11:52:12 DEBUG SimpleXMLCollection  :: Found 4 terms
 11:52:12 DEBUG SimpleXMLCollection  :: Found 3 terms
 11:52:12 DEBUG SimpleXMLCollection  :: Found 12 terms
 11:52:12 DEBUG SimpleXMLCollection  :: Found 10 terms
 11:52:12 DEBUG SimpleXMLCollection  :: Found 12 terms
 11:52:12 DEBUG SimpleXMLCollection  :: Found 4 terms
 11:52:12 DEBUG SimpleXMLCollection  :: Found 5 terms
 11:52:12 DEBUG SimpleXMLCollection  :: Found 5 terms
 11:52:12 DEBUG SimpleXMLCollection  :: Found 24 terms
 11:52:12 DEBUG SimpleXMLCollection  :: Found 4 terms
 11:52:12 DEBUG SimpleXMLCollection  :: Found 6 terms
 11:52:12 DEBUG SimpleXMLCollection  :: Found 8 terms
 11:52:12 DEBUG SimpleXMLCollection  :: Found 6 terms
 11:52:12 DEBUG SimpleXMLCollection  :: Found 4 terms
 11:52:12 DEBUG SimpleXMLCollection  :: Found 8 terms
 11:52:12 DEBUG SimpleXMLCollection  :: Found 4 terms
 11:52:12 DEBUG SimpleXMLCollection  :: Found 10 terms
 11:52:12 DEBUG SimpleXMLCollection  :: Found 5 terms
 11:52:12 DEBUG SimpleXMLCollection  :: Found 8 terms
 11:52:12 DEBUG SimpleXMLCollection  :: Found 5 terms
 11:52:12 DEBUG SimpleXMLCollection  :: Found 6 terms
 11:52:12 DEBUG SimpleXMLCollection  :: Found 10 terms
 11:52:12 DEBUG SimpleXMLCollection  :: Found 14 terms
 11:52:12 DEBUG SimpleXMLCollection  :: Found 14 terms
 11:52:12 DEBUG SimpleXMLCollection  :: Found 12 terms
 11:52:12 DEBUG SimpleXMLCollection  :: Found 6 terms
 11:52:12 DEBUG SimpleXMLCollection  :: Found 12 terms
 11:52:12 DEBUG SimpleXMLCollection  :: Found 3 terms
 11:52:12 DEBUG SimpleXMLCollection  :: Found 5 terms
 11:52:12 DEBUG SimpleXMLCollection  :: Found 6 terms
 11:52:12 DEBUG SimpleXMLCollection  :: Found 5 terms
 11:52:12 DEBUG SimpleXMLCollection  :: Found 4 terms
 11:52:12 DEBUG SimpleXMLCollection  :: Found 6 terms
 11:52:12 DEBUG SimpleXMLCollection  :: Found 6 terms
 11:52:12 DEBUG SimpleXMLCollection  :: Found 6 terms
 11:52:12 DEBUG SimpleXMLCollection  :: Found 4 terms
 11:52:12 DEBUG SimpleXMLCollection  :: Found 4 terms
 11:52:12 DEBUG SimpleXMLCollection  :: Found 10 terms
 11:52:12 DEBUG SimpleXMLCollection  :: Found 6 terms
 11:52:12 DEBUG SimpleXMLCollection  :: Found 6 terms
 11:52:12 DEBUG SimpleXMLCollection  :: Found 10 terms
 11:52:12 DEBUG SimpleXMLCollection  :: Found 4 terms
 11:52:12 DEBUG SimpleXMLCollection  :: Found 5 terms
 11:52:12 DEBUG SimpleXMLCollection  :: Found 4 terms
 11:52:12 DEBUG SimpleXMLCollection  :: Found 4 terms
 11:52:12 DEBUG SimpleXMLCollection  :: Found 3 terms
 11:52:12 DEBUG SimpleXMLCollection  :: Found 8 terms
 11:52:12 DEBUG SimpleXMLCollection  :: Found 10 terms
 11:52:12 DEBUG SimpleXMLCollection  :: Found 8 terms
 11:52:12 DEBUG SimpleXMLCollection  :: Found 8 terms
 11:52:12 DEBUG SimpleXMLCollection  :: Found 10 terms
 11:52:12 DEBUG SimpleXMLCollection  :: Found 5 terms
 11:52:12 DEBUG SimpleXMLCollection  :: Found 6 terms
 11:52:12 DEBUG SimpleXMLCollection  :: Found 5 terms
 11:52:12 DEBUG SimpleXMLCollection  :: Found 4 terms
 11:52:12 DEBUG SimpleXMLCollection  :: Found 15 terms
 11:52:12 DEBUG SimpleXMLCollection  :: Found 10 terms
 11:52:12 DEBUG SimpleXMLCollection  :: Found 13 terms
 11:52:12 DEBUG SimpleXMLCollection  :: Found 4 terms
 11:52:12 DEBUG SimpleXMLCollection  :: Found 20 terms
 11:52:12 DEBUG SimpleXMLCollection  :: Found 12 terms
 11:52:12 DEBUG SimpleXMLCollection  :: Found 10 terms
 11:52:12 DEBUG SimpleXMLCollection  :: Found 15 terms
 11:52:12 DEBUG SimpleXMLCollection  :: Found 8 terms
 11:52:12 DEBUG SimpleXMLCollection  :: Found 4 terms
 11:52:12 DEBUG SimpleXMLCollection  :: Found 4 terms
 11:52:12 DEBUG SimpleXMLCollection  :: Found 8 terms
 11:52:12 DEBUG SimpleXMLCollection  :: Found 9 terms
 11:52:12 DEBUG SimpleXMLCollection  :: Found 6 terms
 11:52:12 DEBUG SimpleXMLCollection  :: Found 5 terms
 11:52:12 DEBUG SimpleXMLCollection  :: Found 4 terms
 11:52:12 DEBUG SimpleXMLCollection  :: Found 25 terms
 11:52:12 DEBUG SimpleXMLCollection  :: Found 5 terms
 11:52:12 DEBUG SimpleXMLCollection  :: Found 4 terms
 11:52:12 DEBUG SimpleXMLCollection  :: Found 6 terms
 11:52:12 DEBUG SimpleXMLCollection  :: Found 8 terms
 11:52:12 DEBUG SimpleXMLCollection  :: Found 6 terms
 11:52:12 DEBUG SimpleXMLCollection  :: Found 5 terms
 11:52:12 DEBUG SimpleXMLCollection  :: Found 6 terms
 11:52:12 DEBUG SimpleXMLCollection  :: Found 13 terms
 11:52:12 DEBUG SimpleXMLCollection  :: Found 10 terms
 11:52:12 DEBUG SimpleXMLCollection  :: Found 5 terms
 11:52:12 DEBUG SimpleXMLCollection  :: Found 5 terms
 11:52:12 DEBUG SimpleXMLCollection  :: Found 4 terms
 11:52:12 DEBUG SimpleXMLCollection  :: Found 12 terms
 11:52:12 DEBUG SimpleXMLCollection  :: Found 10 terms
 11:52:12 DEBUG SimpleXMLCollection  :: Found 6 terms
 11:52:12 INFO  SimpleXMLCollection  :: Found 641 documents in /Users/dennisdosso/workspace-rdf/mvn_prova/datasets/retrieved_graphs_in_xml/retrieved_graphs_xml.xml
 11:52:48 DEBUG SimpleXMLCollection  :: Processing file /Users/dennisdosso/workspace-rdf/mvn_prova/datasets/retrieved_graphs_in_xml/retrieved_graphs_xml.xml
 11:52:52 DEBUG SimpleXMLCollection  :: Found 6 terms
 11:52:52 DEBUG SimpleXMLCollection  :: Found 7 terms
 11:52:52 DEBUG SimpleXMLCollection  :: Found 10 terms
 11:52:52 DEBUG SimpleXMLCollection  :: Found 6 terms
 11:52:52 DEBUG SimpleXMLCollection  :: Found 5 terms
 11:52:52 DEBUG SimpleXMLCollection  :: Found 5 terms
 11:52:52 DEBUG SimpleXMLCollection  :: Found 6 terms
 11:52:52 DEBUG SimpleXMLCollection  :: Found 10 terms
 11:52:52 DEBUG SimpleXMLCollection  :: Found 15 terms
 11:52:52 DEBUG SimpleXMLCollection  :: Found 6 terms
 11:52:52 DEBUG SimpleXMLCollection  :: Found 4 terms
 11:52:52 DEBUG SimpleXMLCollection  :: Found 25 terms
 11:52:52 DEBUG SimpleXMLCollection  :: Found 4 terms
 11:52:52 DEBUG SimpleXMLCollection  :: Found 6 terms
 11:52:52 DEBUG SimpleXMLCollection  :: Found 10 terms
 11:52:52 DEBUG SimpleXMLCollection  :: Found 6 terms
 11:52:52 DEBUG SimpleXMLCollection  :: Found 5 terms
 11:52:52 DEBUG SimpleXMLCollection  :: Found 5 terms
 11:52:52 DEBUG SimpleXMLCollection  :: Found 15 terms
 11:52:52 DEBUG SimpleXMLCollection  :: Found 8 terms
 11:52:52 DEBUG SimpleXMLCollection  :: Found 7 terms
 11:52:52 DEBUG SimpleXMLCollection  :: Found 10 terms
 11:53:08 DEBUG SimpleXMLCollection  :: Processing file /Users/dennisdosso/workspace-rdf/mvn_prova/datasets/retrieved_graphs_in_xml/retrieved_graphs_xml.xml
 11:53:08 DEBUG SimpleXMLCollection  :: Found 6 terms
 11:53:08 DEBUG SimpleXMLCollection  :: Found 7 terms
 11:53:08 DEBUG SimpleXMLCollection  :: Found 10 terms
 11:53:08 DEBUG SimpleXMLCollection  :: Found 6 terms
 11:53:08 DEBUG SimpleXMLCollection  :: Found 5 terms
 11:53:08 DEBUG SimpleXMLCollection  :: Found 5 terms
 11:53:08 DEBUG SimpleXMLCollection  :: Found 6 terms
 11:53:08 DEBUG SimpleXMLCollection  :: Found 10 terms
 11:53:08 DEBUG SimpleXMLCollection  :: Found 15 terms
 11:53:08 DEBUG SimpleXMLCollection  :: Found 6 terms
 11:53:08 DEBUG SimpleXMLCollection  :: Found 4 terms
 11:53:08 DEBUG SimpleXMLCollection  :: Found 25 terms
 11:53:08 DEBUG SimpleXMLCollection  :: Found 4 terms
 11:53:08 DEBUG SimpleXMLCollection  :: Found 6 terms
 11:53:08 DEBUG SimpleXMLCollection  :: Found 10 terms
 11:53:08 DEBUG SimpleXMLCollection  :: Found 6 terms
 11:53:08 DEBUG SimpleXMLCollection  :: Found 5 terms
 11:53:08 DEBUG SimpleXMLCollection  :: Found 5 terms
 11:53:08 DEBUG SimpleXMLCollection  :: Found 15 terms
 11:53:08 DEBUG SimpleXMLCollection  :: Found 8 terms
 11:53:08 DEBUG SimpleXMLCollection  :: Found 7 terms
 11:53:08 DEBUG SimpleXMLCollection  :: Found 10 terms
 11:53:08 DEBUG SimpleXMLCollection  :: Found 6 terms
 11:53:08 DEBUG SimpleXMLCollection  :: Found 10 terms
 11:53:08 DEBUG SimpleXMLCollection  :: Found 9 terms
 11:53:08 DEBUG SimpleXMLCollection  :: Found 6 terms
 11:53:08 DEBUG SimpleXMLCollection  :: Found 4 terms
 11:53:08 DEBUG SimpleXMLCollection  :: Found 8 terms
 11:53:08 DEBUG SimpleXMLCollection  :: Found 7 terms
 11:53:08 DEBUG SimpleXMLCollection  :: Found 8 terms
 11:53:08 DEBUG SimpleXMLCollection  :: Found 4 terms
 11:53:08 DEBUG SimpleXMLCollection  :: Found 8 terms
 11:53:08 DEBUG SimpleXMLCollection  :: Found 6 terms
 11:53:08 DEBUG SimpleXMLCollection  :: Found 6 terms
 11:53:08 DEBUG SimpleXMLCollection  :: Found 5 terms
 11:53:08 DEBUG SimpleXMLCollection  :: Found 8 terms
 11:53:08 DEBUG SimpleXMLCollection  :: Found 6 terms
 11:53:08 DEBUG SimpleXMLCollection  :: Found 4 terms
 11:53:08 DEBUG SimpleXMLCollection  :: Found 8 terms
 11:53:08 DEBUG SimpleXMLCollection  :: Found 4 terms
 11:53:08 DEBUG SimpleXMLCollection  :: Found 8 terms
 11:53:08 DEBUG SimpleXMLCollection  :: Found 8 terms
 11:53:08 DEBUG SimpleXMLCollection  :: Found 6 terms
 11:53:08 DEBUG SimpleXMLCollection  :: Found 10 terms
 11:53:08 DEBUG SimpleXMLCollection  :: Found 10 terms
 11:53:08 DEBUG SimpleXMLCollection  :: Found 6 terms
 11:53:08 DEBUG SimpleXMLCollection  :: Found 4 terms
 11:53:08 DEBUG SimpleXMLCollection  :: Found 8 terms
 11:53:08 DEBUG SimpleXMLCollection  :: Found 6 terms
 11:53:08 DEBUG SimpleXMLCollection  :: Found 9 terms
 11:53:08 DEBUG SimpleXMLCollection  :: Found 4 terms
 11:53:08 DEBUG SimpleXMLCollection  :: Found 4 terms
 11:53:08 DEBUG SimpleXMLCollection  :: Found 8 terms
 11:53:08 DEBUG SimpleXMLCollection  :: Found 8 terms
 11:53:08 DEBUG SimpleXMLCollection  :: Found 4 terms
 11:53:08 DEBUG SimpleXMLCollection  :: Found 10 terms
 11:53:08 DEBUG SimpleXMLCollection  :: Found 10 terms
 11:53:08 DEBUG SimpleXMLCollection  :: Found 10 terms
 11:53:08 DEBUG SimpleXMLCollection  :: Found 10 terms
 11:53:08 DEBUG SimpleXMLCollection  :: Found 15 terms
 11:53:08 DEBUG SimpleXMLCollection  :: Found 10 terms
 11:53:08 DEBUG SimpleXMLCollection  :: Found 4 terms
 11:53:08 DEBUG SimpleXMLCollection  :: Found 8 terms
 11:53:08 DEBUG SimpleXMLCollection  :: Found 10 terms
 11:53:08 DEBUG SimpleXMLCollection  :: Found 4 terms
 11:53:08 DEBUG SimpleXMLCollection  :: Found 4 terms
 11:53:08 DEBUG SimpleXMLCollection  :: Found 8 terms
 11:53:08 DEBUG SimpleXMLCollection  :: Found 8 terms
 11:53:08 DEBUG SimpleXMLCollection  :: Found 4 terms
 11:53:08 DEBUG SimpleXMLCollection  :: Found 8 terms
 11:53:08 DEBUG SimpleXMLCollection  :: Found 10 terms
 11:53:08 DEBUG SimpleXMLCollection  :: Found 6 terms
 11:53:08 DEBUG SimpleXMLCollection  :: Found 5 terms
 11:53:08 DEBUG SimpleXMLCollection  :: Found 5 terms
 11:53:08 DEBUG SimpleXMLCollection  :: Found 7 terms
 11:53:08 DEBUG SimpleXMLCollection  :: Found 8 terms
 11:53:08 DEBUG SimpleXMLCollection  :: Found 12 terms
 11:53:08 DEBUG SimpleXMLCollection  :: Found 4 terms
 11:53:08 DEBUG SimpleXMLCollection  :: Found 8 terms
 11:53:08 DEBUG SimpleXMLCollection  :: Found 6 terms
 11:53:08 DEBUG SimpleXMLCollection  :: Found 4 terms
 11:53:08 DEBUG SimpleXMLCollection  :: Found 6 terms
 11:53:08 DEBUG SimpleXMLCollection  :: Found 8 terms
 11:53:08 DEBUG SimpleXMLCollection  :: Found 6 terms
 11:53:08 DEBUG SimpleXMLCollection  :: Found 5 terms
 11:53:08 DEBUG SimpleXMLCollection  :: Found 4 terms
 11:53:08 DEBUG SimpleXMLCollection  :: Found 4 terms
 11:53:08 DEBUG SimpleXMLCollection  :: Found 20 terms
 11:53:08 DEBUG SimpleXMLCollection  :: Found 5 terms
 11:53:08 DEBUG SimpleXMLCollection  :: Found 6 terms
 11:53:08 DEBUG SimpleXMLCollection  :: Found 4 terms
 11:53:08 DEBUG SimpleXMLCollection  :: Found 8 terms
 11:53:08 DEBUG SimpleXMLCollection  :: Found 5 terms
 11:53:08 DEBUG SimpleXMLCollection  :: Found 4 terms
 11:53:08 DEBUG SimpleXMLCollection  :: Found 6 terms
 11:53:08 DEBUG SimpleXMLCollection  :: Found 6 terms
 11:53:08 DEBUG SimpleXMLCollection  :: Found 5 terms
 11:53:08 DEBUG SimpleXMLCollection  :: Found 8 terms
 11:53:08 DEBUG SimpleXMLCollection  :: Found 8 terms
 11:53:08 DEBUG SimpleXMLCollection  :: Found 8 terms
 11:53:08 DEBUG SimpleXMLCollection  :: Found 8 terms
 11:53:08 DEBUG SimpleXMLCollection  :: Found 9 terms
 11:53:08 DEBUG SimpleXMLCollection  :: Found 4 terms
 11:53:08 DEBUG SimpleXMLCollection  :: Found 8 terms
 11:53:08 DEBUG SimpleXMLCollection  :: Found 4 terms
 11:53:08 DEBUG SimpleXMLCollection  :: Found 8 terms
 11:53:08 DEBUG SimpleXMLCollection  :: Found 5 terms
 11:53:08 DEBUG SimpleXMLCollection  :: Found 5 terms
 11:53:08 DEBUG SimpleXMLCollection  :: Found 8 terms
 11:53:08 DEBUG SimpleXMLCollection  :: Found 18 terms
 11:53:08 DEBUG SimpleXMLCollection  :: Found 6 terms
 11:53:08 DEBUG SimpleXMLCollection  :: Found 10 terms
 11:53:08 DEBUG SimpleXMLCollection  :: Found 8 terms
 11:53:08 DEBUG SimpleXMLCollection  :: Found 6 terms
 11:53:08 DEBUG SimpleXMLCollection  :: Found 4 terms
 11:53:08 DEBUG SimpleXMLCollection  :: Found 8 terms
 11:53:08 DEBUG SimpleXMLCollection  :: Found 12 terms
 11:53:08 DEBUG SimpleXMLCollection  :: Found 8 terms
 11:53:08 DEBUG SimpleXMLCollection  :: Found 8 terms
 11:53:08 DEBUG SimpleXMLCollection  :: Found 6 terms
 11:53:08 DEBUG SimpleXMLCollection  :: Found 10 terms
 11:53:08 DEBUG SimpleXMLCollection  :: Found 8 terms
 11:53:08 DEBUG SimpleXMLCollection  :: Found 4 terms
 11:53:08 DEBUG SimpleXMLCollection  :: Found 6 terms
 11:53:08 DEBUG SimpleXMLCollection  :: Found 4 terms
 11:53:08 DEBUG SimpleXMLCollection  :: Found 8 terms
 11:53:08 DEBUG SimpleXMLCollection  :: Found 5 terms
 11:53:08 DEBUG SimpleXMLCollection  :: Found 5 terms
 11:53:08 DEBUG SimpleXMLCollection  :: Found 8 terms
 11:53:08 DEBUG SimpleXMLCollection  :: Found 8 terms
 11:53:08 DEBUG SimpleXMLCollection  :: Found 5 terms
 11:53:08 DEBUG SimpleXMLCollection  :: Found 10 terms
 11:53:08 DEBUG SimpleXMLCollection  :: Found 4 terms
 11:53:08 DEBUG SimpleXMLCollection  :: Found 8 terms
 11:53:08 DEBUG SimpleXMLCollection  :: Found 4 terms
 11:53:08 DEBUG SimpleXMLCollection  :: Found 10 terms
 11:53:08 DEBUG SimpleXMLCollection  :: Found 12 terms
 11:53:08 DEBUG SimpleXMLCollection  :: Found 8 terms
 11:53:08 DEBUG SimpleXMLCollection  :: Found 25 terms
 11:53:08 DEBUG SimpleXMLCollection  :: Found 7 terms
 11:53:08 DEBUG SimpleXMLCollection  :: Found 6 terms
 11:53:08 DEBUG SimpleXMLCollection  :: Found 12 terms
 11:53:08 DEBUG SimpleXMLCollection  :: Found 4 terms
 11:53:08 DEBUG SimpleXMLCollection  :: Found 10 terms
 11:53:08 DEBUG SimpleXMLCollection  :: Found 12 terms
 11:53:08 DEBUG SimpleXMLCollection  :: Found 6 terms
 11:53:08 DEBUG SimpleXMLCollection  :: Found 4 terms
 11:53:08 DEBUG SimpleXMLCollection  :: Found 10 terms
 11:53:08 DEBUG SimpleXMLCollection  :: Found 18 terms
 11:53:08 DEBUG SimpleXMLCollection  :: Found 8 terms
 11:53:08 DEBUG SimpleXMLCollection  :: Found 6 terms
 11:53:08 DEBUG SimpleXMLCollection  :: Found 12 terms
 11:53:08 DEBUG SimpleXMLCollection  :: Found 17 terms
 11:53:08 DEBUG SimpleXMLCollection  :: Found 8 terms
 11:53:08 DEBUG SimpleXMLCollection  :: Found 8 terms
 11:53:08 DEBUG SimpleXMLCollection  :: Found 10 terms
 11:53:08 DEBUG SimpleXMLCollection  :: Found 6 terms
 11:53:08 DEBUG SimpleXMLCollection  :: Found 8 terms
 11:53:08 DEBUG SimpleXMLCollection  :: Found 5 terms
 11:53:08 DEBUG SimpleXMLCollection  :: Found 12 terms
 11:53:08 DEBUG SimpleXMLCollection  :: Found 4 terms
 11:53:08 DEBUG SimpleXMLCollection  :: Found 4 terms
 11:53:08 DEBUG SimpleXMLCollection  :: Found 4 terms
 11:53:08 DEBUG SimpleXMLCollection  :: Found 21 terms
 11:53:08 DEBUG SimpleXMLCollection  :: Found 4 terms
 11:53:08 DEBUG SimpleXMLCollection  :: Found 5 terms
 11:53:08 DEBUG SimpleXMLCollection  :: Found 12 terms
 11:53:08 DEBUG SimpleXMLCollection  :: Found 5 terms
 11:53:08 DEBUG SimpleXMLCollection  :: Found 12 terms
 11:53:08 DEBUG SimpleXMLCollection  :: Found 6 terms
 11:53:08 DEBUG SimpleXMLCollection  :: Found 4 terms
 11:53:08 DEBUG SimpleXMLCollection  :: Found 4 terms
 11:53:08 DEBUG SimpleXMLCollection  :: Found 4 terms
 11:53:08 DEBUG SimpleXMLCollection  :: Found 5 terms
 11:53:08 DEBUG SimpleXMLCollection  :: Found 4 terms
 11:53:08 DEBUG SimpleXMLCollection  :: Found 5 terms
 11:53:08 DEBUG SimpleXMLCollection  :: Found 5 terms
 11:53:08 DEBUG SimpleXMLCollection  :: Found 8 terms
 11:53:08 DEBUG SimpleXMLCollection  :: Found 9 terms
 11:53:08 DEBUG SimpleXMLCollection  :: Found 9 terms
 11:53:08 DEBUG SimpleXMLCollection  :: Found 4 terms
 11:53:08 DEBUG SimpleXMLCollection  :: Found 4 terms
 11:53:08 DEBUG SimpleXMLCollection  :: Found 10 terms
 11:53:08 DEBUG SimpleXMLCollection  :: Found 12 terms
 11:53:08 DEBUG SimpleXMLCollection  :: Found 5 terms
 11:53:08 DEBUG SimpleXMLCollection  :: Found 3 terms
 11:53:08 DEBUG SimpleXMLCollection  :: Found 12 terms
 11:53:08 DEBUG SimpleXMLCollection  :: Found 6 terms
 11:53:08 DEBUG SimpleXMLCollection  :: Found 7 terms
 11:53:08 DEBUG SimpleXMLCollection  :: Found 5 terms
 11:53:08 DEBUG SimpleXMLCollection  :: Found 4 terms
 11:53:08 DEBUG SimpleXMLCollection  :: Found 10 terms
 11:53:08 DEBUG SimpleXMLCollection  :: Found 8 terms
 11:53:08 DEBUG SimpleXMLCollection  :: Found 6 terms
 11:53:08 DEBUG SimpleXMLCollection  :: Found 5 terms
 11:53:08 DEBUG SimpleXMLCollection  :: Found 6 terms
 11:53:08 DEBUG SimpleXMLCollection  :: Found 6 terms
 11:53:08 DEBUG SimpleXMLCollection  :: Found 6 terms
 11:53:08 DEBUG SimpleXMLCollection  :: Found 10 terms
 11:53:08 DEBUG SimpleXMLCollection  :: Found 10 terms
 11:53:08 DEBUG SimpleXMLCollection  :: Found 4 terms
 11:53:08 DEBUG SimpleXMLCollection  :: Found 5 terms
 11:53:08 DEBUG SimpleXMLCollection  :: Found 8 terms
 11:53:08 DEBUG SimpleXMLCollection  :: Found 5 terms
 11:53:08 DEBUG SimpleXMLCollection  :: Found 4 terms
 11:53:08 DEBUG SimpleXMLCollection  :: Found 6 terms
 11:53:08 DEBUG SimpleXMLCollection  :: Found 8 terms
 11:53:08 DEBUG SimpleXMLCollection  :: Found 5 terms
 11:53:08 DEBUG SimpleXMLCollection  :: Found 10 terms
 11:53:08 DEBUG SimpleXMLCollection  :: Found 4 terms
 11:53:08 DEBUG SimpleXMLCollection  :: Found 6 terms
 11:53:08 DEBUG SimpleXMLCollection  :: Found 6 terms
 11:53:08 DEBUG SimpleXMLCollection  :: Found 9 terms
 11:53:08 DEBUG SimpleXMLCollection  :: Found 9 terms
 11:53:08 DEBUG SimpleXMLCollection  :: Found 4 terms
 11:53:08 DEBUG SimpleXMLCollection  :: Found 8 terms
 11:53:08 DEBUG SimpleXMLCollection  :: Found 8 terms
 11:53:08 DEBUG SimpleXMLCollection  :: Found 9 terms
 11:53:08 DEBUG SimpleXMLCollection  :: Found 5 terms
 11:53:08 DEBUG SimpleXMLCollection  :: Found 10 terms
 11:53:08 DEBUG SimpleXMLCollection  :: Found 4 terms
 11:53:08 DEBUG SimpleXMLCollection  :: Found 6 terms
 11:53:08 DEBUG SimpleXMLCollection  :: Found 5 terms
 11:53:08 DEBUG SimpleXMLCollection  :: Found 5 terms
 11:53:08 DEBUG SimpleXMLCollection  :: Found 10 terms
 11:53:08 DEBUG SimpleXMLCollection  :: Found 10 terms
 11:53:08 DEBUG SimpleXMLCollection  :: Found 12 terms
 11:53:08 DEBUG SimpleXMLCollection  :: Found 5 terms
 11:53:08 DEBUG SimpleXMLCollection  :: Found 6 terms
 11:53:08 DEBUG SimpleXMLCollection  :: Found 10 terms
 11:53:08 DEBUG SimpleXMLCollection  :: Found 15 terms
 11:53:08 DEBUG SimpleXMLCollection  :: Found 4 terms
 11:53:08 DEBUG SimpleXMLCollection  :: Found 8 terms
 11:53:08 DEBUG SimpleXMLCollection  :: Found 10 terms
 11:53:08 DEBUG SimpleXMLCollection  :: Found 4 terms
 11:53:08 DEBUG SimpleXMLCollection  :: Found 10 terms
 11:53:08 DEBUG SimpleXMLCollection  :: Found 6 terms
 11:53:08 DEBUG SimpleXMLCollection  :: Found 10 terms
 11:53:08 DEBUG SimpleXMLCollection  :: Found 12 terms
 11:53:08 DEBUG SimpleXMLCollection  :: Found 8 terms
 11:53:08 DEBUG SimpleXMLCollection  :: Found 8 terms
 11:53:08 DEBUG SimpleXMLCollection  :: Found 4 terms
 11:53:08 DEBUG SimpleXMLCollection  :: Found 7 terms
 11:53:08 DEBUG SimpleXMLCollection  :: Found 10 terms
 11:53:08 DEBUG SimpleXMLCollection  :: Found 5 terms
 11:53:08 DEBUG SimpleXMLCollection  :: Found 12 terms
 11:53:08 DEBUG SimpleXMLCollection  :: Found 6 terms
 11:53:08 DEBUG SimpleXMLCollection  :: Found 8 terms
 11:53:08 DEBUG SimpleXMLCollection  :: Found 4 terms
 11:53:08 DEBUG SimpleXMLCollection  :: Found 4 terms
 11:53:08 DEBUG SimpleXMLCollection  :: Found 6 terms
 11:53:08 DEBUG SimpleXMLCollection  :: Found 8 terms
 11:53:08 DEBUG SimpleXMLCollection  :: Found 12 terms
 11:53:08 DEBUG SimpleXMLCollection  :: Found 14 terms
 11:53:08 DEBUG SimpleXMLCollection  :: Found 6 terms
 11:53:08 DEBUG SimpleXMLCollection  :: Found 8 terms
 11:53:08 DEBUG SimpleXMLCollection  :: Found 5 terms
 11:53:08 DEBUG SimpleXMLCollection  :: Found 10 terms
 11:53:08 DEBUG SimpleXMLCollection  :: Found 10 terms
 11:53:08 DEBUG SimpleXMLCollection  :: Found 4 terms
 11:53:08 DEBUG SimpleXMLCollection  :: Found 8 terms
 11:53:08 DEBUG SimpleXMLCollection  :: Found 6 terms
 11:53:08 DEBUG SimpleXMLCollection  :: Found 6 terms
 11:53:08 DEBUG SimpleXMLCollection  :: Found 3 terms
 11:53:08 DEBUG SimpleXMLCollection  :: Found 8 terms
 11:53:08 DEBUG SimpleXMLCollection  :: Found 18 terms
 11:53:08 DEBUG SimpleXMLCollection  :: Found 6 terms
 11:53:08 DEBUG SimpleXMLCollection  :: Found 4 terms
 11:53:08 DEBUG SimpleXMLCollection  :: Found 8 terms
 11:53:08 DEBUG SimpleXMLCollection  :: Found 8 terms
 11:53:08 DEBUG SimpleXMLCollection  :: Found 8 terms
 11:53:08 DEBUG SimpleXMLCollection  :: Found 8 terms
 11:53:08 DEBUG SimpleXMLCollection  :: Found 12 terms
 11:53:08 DEBUG SimpleXMLCollection  :: Found 8 terms
 11:53:08 DEBUG SimpleXMLCollection  :: Found 4 terms
 11:53:08 DEBUG SimpleXMLCollection  :: Found 4 terms
 11:53:08 DEBUG SimpleXMLCollection  :: Found 8 terms
 11:53:08 DEBUG SimpleXMLCollection  :: Found 4 terms
 11:53:08 DEBUG SimpleXMLCollection  :: Found 6 terms
 11:53:08 DEBUG SimpleXMLCollection  :: Found 14 terms
 11:53:08 DEBUG SimpleXMLCollection  :: Found 10 terms
 11:53:08 DEBUG SimpleXMLCollection  :: Found 10 terms
 11:53:08 DEBUG SimpleXMLCollection  :: Found 6 terms
 11:53:08 DEBUG SimpleXMLCollection  :: Found 8 terms
 11:53:08 DEBUG SimpleXMLCollection  :: Found 4 terms
 11:53:08 DEBUG SimpleXMLCollection  :: Found 8 terms
 11:53:08 DEBUG SimpleXMLCollection  :: Found 6 terms
 11:53:08 DEBUG SimpleXMLCollection  :: Found 4 terms
 11:53:08 DEBUG SimpleXMLCollection  :: Found 6 terms
 11:53:08 DEBUG SimpleXMLCollection  :: Found 4 terms
 11:53:08 DEBUG SimpleXMLCollection  :: Found 8 terms
 11:53:08 DEBUG SimpleXMLCollection  :: Found 5 terms
 11:53:08 DEBUG SimpleXMLCollection  :: Found 5 terms
 11:53:08 DEBUG SimpleXMLCollection  :: Found 6 terms
 11:53:08 DEBUG SimpleXMLCollection  :: Found 6 terms
 11:53:08 DEBUG SimpleXMLCollection  :: Found 8 terms
 11:53:08 DEBUG SimpleXMLCollection  :: Found 15 terms
 11:53:08 DEBUG SimpleXMLCollection  :: Found 9 terms
 11:53:08 DEBUG SimpleXMLCollection  :: Found 12 terms
 11:53:08 DEBUG SimpleXMLCollection  :: Found 13 terms
 11:53:08 DEBUG SimpleXMLCollection  :: Found 20 terms
 11:53:08 DEBUG SimpleXMLCollection  :: Found 8 terms
 11:53:08 DEBUG SimpleXMLCollection  :: Found 20 terms
 11:53:08 DEBUG SimpleXMLCollection  :: Found 8 terms
 11:53:08 DEBUG SimpleXMLCollection  :: Found 8 terms
 11:53:08 DEBUG SimpleXMLCollection  :: Found 4 terms
 11:53:08 DEBUG SimpleXMLCollection  :: Found 4 terms
 11:53:08 DEBUG SimpleXMLCollection  :: Found 3 terms
 11:53:08 DEBUG SimpleXMLCollection  :: Found 10 terms
 11:53:08 DEBUG SimpleXMLCollection  :: Found 6 terms
 11:53:08 DEBUG SimpleXMLCollection  :: Found 4 terms
 11:53:08 DEBUG SimpleXMLCollection  :: Found 4 terms
 11:53:08 DEBUG SimpleXMLCollection  :: Found 5 terms
 11:53:08 DEBUG SimpleXMLCollection  :: Found 5 terms
 11:53:08 DEBUG SimpleXMLCollection  :: Found 7 terms
 11:53:08 DEBUG SimpleXMLCollection  :: Found 8 terms
 11:53:08 DEBUG SimpleXMLCollection  :: Found 8 terms
 11:53:08 DEBUG SimpleXMLCollection  :: Found 8 terms
 11:53:08 DEBUG SimpleXMLCollection  :: Found 4 terms
 11:53:08 DEBUG SimpleXMLCollection  :: Found 6 terms
 11:53:08 DEBUG SimpleXMLCollection  :: Found 5 terms
 11:53:08 DEBUG SimpleXMLCollection  :: Found 4 terms
 11:53:08 DEBUG SimpleXMLCollection  :: Found 8 terms
 11:53:08 DEBUG SimpleXMLCollection  :: Found 4 terms
 11:53:08 DEBUG SimpleXMLCollection  :: Found 8 terms
 11:53:08 DEBUG SimpleXMLCollection  :: Found 6 terms
 11:53:08 DEBUG SimpleXMLCollection  :: Found 5 terms
 11:53:08 DEBUG SimpleXMLCollection  :: Found 8 terms
 11:53:08 DEBUG SimpleXMLCollection  :: Found 8 terms
 11:53:08 DEBUG SimpleXMLCollection  :: Found 6 terms
 11:53:08 DEBUG SimpleXMLCollection  :: Found 4 terms
 11:53:08 DEBUG SimpleXMLCollection  :: Found 6 terms
 11:53:08 DEBUG SimpleXMLCollection  :: Found 8 terms
 11:53:08 DEBUG SimpleXMLCollection  :: Found 10 terms
 11:53:08 DEBUG SimpleXMLCollection  :: Found 3 terms
 11:53:08 DEBUG SimpleXMLCollection  :: Found 7 terms
 11:53:08 DEBUG SimpleXMLCollection  :: Found 5 terms
 11:53:08 DEBUG SimpleXMLCollection  :: Found 5 terms
 11:53:08 DEBUG SimpleXMLCollection  :: Found 6 terms
 11:53:08 DEBUG SimpleXMLCollection  :: Found 4 terms
 11:53:08 DEBUG SimpleXMLCollection  :: Found 5 terms
 11:53:08 DEBUG SimpleXMLCollection  :: Found 8 terms
 11:53:08 DEBUG SimpleXMLCollection  :: Found 10 terms
 11:53:08 DEBUG SimpleXMLCollection  :: Found 10 terms
 11:53:08 DEBUG SimpleXMLCollection  :: Found 5 terms
 11:53:08 DEBUG SimpleXMLCollection  :: Found 8 terms
 11:53:08 DEBUG SimpleXMLCollection  :: Found 56 terms
 11:53:08 DEBUG SimpleXMLCollection  :: Found 12 terms
 11:53:08 DEBUG SimpleXMLCollection  :: Found 4 terms
 11:53:08 DEBUG SimpleXMLCollection  :: Found 4 terms
 11:53:08 DEBUG SimpleXMLCollection  :: Found 12 terms
 11:53:08 DEBUG SimpleXMLCollection  :: Found 18 terms
 11:53:08 DEBUG SimpleXMLCollection  :: Found 8 terms
 11:53:08 DEBUG SimpleXMLCollection  :: Found 8 terms
 11:53:08 DEBUG SimpleXMLCollection  :: Found 10 terms
 11:53:08 DEBUG SimpleXMLCollection  :: Found 5 terms
 11:53:08 DEBUG SimpleXMLCollection  :: Found 6 terms
 11:53:08 DEBUG SimpleXMLCollection  :: Found 6 terms
 11:53:08 DEBUG SimpleXMLCollection  :: Found 4 terms
 11:53:08 DEBUG SimpleXMLCollection  :: Found 8 terms
 11:53:08 DEBUG SimpleXMLCollection  :: Found 8 terms
 11:53:08 DEBUG SimpleXMLCollection  :: Found 5 terms
 11:53:08 DEBUG SimpleXMLCollection  :: Found 10 terms
 11:53:08 DEBUG SimpleXMLCollection  :: Found 8 terms
 11:53:08 DEBUG SimpleXMLCollection  :: Found 4 terms
 11:53:08 DEBUG SimpleXMLCollection  :: Found 10 terms
 11:53:08 DEBUG SimpleXMLCollection  :: Found 3 terms
 11:53:08 DEBUG SimpleXMLCollection  :: Found 6 terms
 11:53:08 DEBUG SimpleXMLCollection  :: Found 4 terms
 11:53:08 DEBUG SimpleXMLCollection  :: Found 7 terms
 11:53:08 DEBUG SimpleXMLCollection  :: Found 6 terms
 11:53:08 DEBUG SimpleXMLCollection  :: Found 4 terms
 11:53:08 DEBUG SimpleXMLCollection  :: Found 6 terms
 11:53:08 DEBUG SimpleXMLCollection  :: Found 8 terms
 11:53:08 DEBUG SimpleXMLCollection  :: Found 4 terms
 11:53:08 DEBUG SimpleXMLCollection  :: Found 20 terms
 11:53:08 DEBUG SimpleXMLCollection  :: Found 4 terms
 11:53:08 DEBUG SimpleXMLCollection  :: Found 8 terms
 11:53:08 DEBUG SimpleXMLCollection  :: Found 6 terms
 11:53:08 DEBUG SimpleXMLCollection  :: Found 8 terms
 11:53:08 DEBUG SimpleXMLCollection  :: Found 4 terms
 11:53:08 DEBUG SimpleXMLCollection  :: Found 6 terms
 11:53:08 DEBUG SimpleXMLCollection  :: Found 6 terms
 11:53:08 DEBUG SimpleXMLCollection  :: Found 8 terms
 11:53:08 DEBUG SimpleXMLCollection  :: Found 18 terms
 11:53:08 DEBUG SimpleXMLCollection  :: Found 14 terms
 11:53:08 DEBUG SimpleXMLCollection  :: Found 15 terms
 11:53:08 DEBUG SimpleXMLCollection  :: Found 4 terms
 11:53:08 DEBUG SimpleXMLCollection  :: Found 3 terms
 11:53:08 DEBUG SimpleXMLCollection  :: Found 13 terms
 11:53:08 DEBUG SimpleXMLCollection  :: Found 6 terms
 11:53:08 DEBUG SimpleXMLCollection  :: Found 6 terms
 11:53:08 DEBUG SimpleXMLCollection  :: Found 4 terms
 11:53:08 DEBUG SimpleXMLCollection  :: Found 8 terms
 11:53:08 DEBUG SimpleXMLCollection  :: Found 8 terms
 11:53:08 DEBUG SimpleXMLCollection  :: Found 8 terms
 11:53:08 DEBUG SimpleXMLCollection  :: Found 6 terms
 11:53:08 DEBUG SimpleXMLCollection  :: Found 7 terms
 11:53:08 DEBUG SimpleXMLCollection  :: Found 5 terms
 11:53:08 DEBUG SimpleXMLCollection  :: Found 15 terms
 11:53:08 DEBUG SimpleXMLCollection  :: Found 6 terms
 11:53:08 DEBUG SimpleXMLCollection  :: Found 4 terms
 11:53:08 DEBUG SimpleXMLCollection  :: Found 8 terms
 11:53:08 DEBUG SimpleXMLCollection  :: Found 4 terms
 11:53:08 DEBUG SimpleXMLCollection  :: Found 8 terms
 11:53:08 DEBUG SimpleXMLCollection  :: Found 6 terms
 11:53:08 DEBUG SimpleXMLCollection  :: Found 6 terms
 11:53:08 DEBUG SimpleXMLCollection  :: Found 30 terms
 11:53:08 DEBUG SimpleXMLCollection  :: Found 10 terms
 11:53:08 DEBUG SimpleXMLCollection  :: Found 8 terms
 11:53:08 DEBUG SimpleXMLCollection  :: Found 4 terms
 11:53:08 DEBUG SimpleXMLCollection  :: Found 25 terms
 11:53:08 DEBUG SimpleXMLCollection  :: Found 4 terms
 11:53:08 DEBUG SimpleXMLCollection  :: Found 5 terms
 11:53:08 DEBUG SimpleXMLCollection  :: Found 8 terms
 11:53:08 DEBUG SimpleXMLCollection  :: Found 5 terms
 11:53:08 DEBUG SimpleXMLCollection  :: Found 6 terms
 11:53:08 DEBUG SimpleXMLCollection  :: Found 6 terms
 11:53:08 DEBUG SimpleXMLCollection  :: Found 4 terms
 11:53:08 DEBUG SimpleXMLCollection  :: Found 6 terms
 11:53:08 DEBUG SimpleXMLCollection  :: Found 7 terms
 11:53:08 DEBUG SimpleXMLCollection  :: Found 5 terms
 11:53:08 DEBUG SimpleXMLCollection  :: Found 4 terms
 11:53:08 DEBUG SimpleXMLCollection  :: Found 12 terms
 11:53:08 DEBUG SimpleXMLCollection  :: Found 8 terms
 11:53:08 DEBUG SimpleXMLCollection  :: Found 3 terms
 11:53:08 DEBUG SimpleXMLCollection  :: Found 14 terms
 11:53:08 DEBUG SimpleXMLCollection  :: Found 4 terms
 11:53:08 DEBUG SimpleXMLCollection  :: Found 6 terms
 11:53:08 DEBUG SimpleXMLCollection  :: Found 4 terms
 11:53:08 DEBUG SimpleXMLCollection  :: Found 6 terms
 11:53:08 DEBUG SimpleXMLCollection  :: Found 15 terms
 11:53:08 DEBUG SimpleXMLCollection  :: Found 4 terms
 11:53:08 DEBUG SimpleXMLCollection  :: Found 12 terms
 11:53:08 DEBUG SimpleXMLCollection  :: Found 10 terms
 11:53:08 DEBUG SimpleXMLCollection  :: Found 7 terms
 11:53:08 DEBUG SimpleXMLCollection  :: Found 8 terms
 11:53:08 DEBUG SimpleXMLCollection  :: Found 5 terms
 11:53:08 DEBUG SimpleXMLCollection  :: Found 8 terms
 11:53:08 DEBUG SimpleXMLCollection  :: Found 10 terms
 11:53:08 DEBUG SimpleXMLCollection  :: Found 6 terms
 11:53:08 DEBUG SimpleXMLCollection  :: Found 6 terms
 11:53:08 DEBUG SimpleXMLCollection  :: Found 12 terms
 11:53:08 DEBUG SimpleXMLCollection  :: Found 6 terms
 11:53:08 DEBUG SimpleXMLCollection  :: Found 6 terms
 11:53:08 DEBUG SimpleXMLCollection  :: Found 4 terms
 11:53:08 DEBUG SimpleXMLCollection  :: Found 8 terms
 11:53:08 DEBUG SimpleXMLCollection  :: Found 4 terms
 11:53:08 DEBUG SimpleXMLCollection  :: Found 6 terms
 11:53:08 DEBUG SimpleXMLCollection  :: Found 4 terms
 11:53:08 DEBUG SimpleXMLCollection  :: Found 6 terms
 11:53:08 DEBUG SimpleXMLCollection  :: Found 4 terms
 11:53:08 DEBUG SimpleXMLCollection  :: Found 6 terms
 11:53:08 DEBUG SimpleXMLCollection  :: Found 4 terms
 11:53:08 DEBUG SimpleXMLCollection  :: Found 6 terms
 11:53:08 DEBUG SimpleXMLCollection  :: Found 5 terms
 11:53:08 DEBUG SimpleXMLCollection  :: Found 5 terms
 11:53:08 DEBUG SimpleXMLCollection  :: Found 4 terms
 11:53:08 DEBUG SimpleXMLCollection  :: Found 6 terms
 11:53:08 DEBUG SimpleXMLCollection  :: Found 20 terms
 11:53:08 DEBUG SimpleXMLCollection  :: Found 10 terms
 11:53:08 DEBUG SimpleXMLCollection  :: Found 4 terms
 11:53:08 DEBUG SimpleXMLCollection  :: Found 8 terms
 11:53:08 DEBUG SimpleXMLCollection  :: Found 6 terms
 11:53:08 DEBUG SimpleXMLCollection  :: Found 5 terms
 11:53:08 DEBUG SimpleXMLCollection  :: Found 5 terms
 11:53:08 DEBUG SimpleXMLCollection  :: Found 4 terms
 11:53:08 DEBUG SimpleXMLCollection  :: Found 6 terms
 11:53:08 DEBUG SimpleXMLCollection  :: Found 7 terms
 11:53:08 DEBUG SimpleXMLCollection  :: Found 4 terms
 11:53:08 DEBUG SimpleXMLCollection  :: Found 4 terms
 11:53:08 DEBUG SimpleXMLCollection  :: Found 8 terms
 11:53:08 DEBUG SimpleXMLCollection  :: Found 4 terms
 11:53:08 DEBUG SimpleXMLCollection  :: Found 6 terms
 11:53:08 DEBUG SimpleXMLCollection  :: Found 8 terms
 11:53:08 DEBUG SimpleXMLCollection  :: Found 4 terms
 11:53:08 DEBUG SimpleXMLCollection  :: Found 10 terms
 11:53:08 DEBUG SimpleXMLCollection  :: Found 5 terms
 11:53:08 DEBUG SimpleXMLCollection  :: Found 12 terms
 11:53:08 DEBUG SimpleXMLCollection  :: Found 10 terms
 11:53:08 DEBUG SimpleXMLCollection  :: Found 15 terms
 11:53:08 DEBUG SimpleXMLCollection  :: Found 7 terms
 11:53:08 DEBUG SimpleXMLCollection  :: Found 6 terms
 11:53:08 DEBUG SimpleXMLCollection  :: Found 8 terms
 11:53:08 DEBUG SimpleXMLCollection  :: Found 8 terms
 11:53:08 DEBUG SimpleXMLCollection  :: Found 4 terms
 11:53:08 DEBUG SimpleXMLCollection  :: Found 4 terms
 11:53:08 DEBUG SimpleXMLCollection  :: Found 12 terms
 11:53:08 DEBUG SimpleXMLCollection  :: Found 6 terms
 11:53:08 DEBUG SimpleXMLCollection  :: Found 6 terms
 11:53:08 DEBUG SimpleXMLCollection  :: Found 8 terms
 11:53:08 DEBUG SimpleXMLCollection  :: Found 8 terms
 11:53:08 DEBUG SimpleXMLCollection  :: Found 12 terms
 11:53:08 DEBUG SimpleXMLCollection  :: Found 4 terms
 11:53:08 DEBUG SimpleXMLCollection  :: Found 8 terms
 11:53:08 DEBUG SimpleXMLCollection  :: Found 5 terms
 11:53:08 DEBUG SimpleXMLCollection  :: Found 6 terms
 11:53:08 DEBUG SimpleXMLCollection  :: Found 6 terms
 11:53:08 DEBUG SimpleXMLCollection  :: Found 8 terms
 11:53:08 DEBUG SimpleXMLCollection  :: Found 8 terms
 11:53:08 DEBUG SimpleXMLCollection  :: Found 8 terms
 11:53:08 DEBUG SimpleXMLCollection  :: Found 6 terms
 11:53:08 DEBUG SimpleXMLCollection  :: Found 4 terms
 11:53:08 DEBUG SimpleXMLCollection  :: Found 5 terms
 11:53:08 DEBUG SimpleXMLCollection  :: Found 6 terms
 11:53:08 DEBUG SimpleXMLCollection  :: Found 8 terms
 11:53:08 DEBUG SimpleXMLCollection  :: Found 6 terms
 11:53:08 DEBUG SimpleXMLCollection  :: Found 13 terms
 11:53:08 DEBUG SimpleXMLCollection  :: Found 4 terms
 11:53:08 DEBUG SimpleXMLCollection  :: Found 7 terms
 11:53:08 DEBUG SimpleXMLCollection  :: Found 6 terms
 11:53:08 DEBUG SimpleXMLCollection  :: Found 4 terms
 11:53:08 DEBUG SimpleXMLCollection  :: Found 10 terms
 11:53:08 DEBUG SimpleXMLCollection  :: Found 6 terms
 11:53:08 DEBUG SimpleXMLCollection  :: Found 8 terms
 11:53:08 DEBUG SimpleXMLCollection  :: Found 25 terms
 11:53:08 DEBUG SimpleXMLCollection  :: Found 4 terms
 11:53:08 DEBUG SimpleXMLCollection  :: Found 5 terms
 11:53:08 DEBUG SimpleXMLCollection  :: Found 5 terms
 11:53:08 DEBUG SimpleXMLCollection  :: Found 24 terms
 11:53:08 DEBUG SimpleXMLCollection  :: Found 4 terms
 11:53:08 DEBUG SimpleXMLCollection  :: Found 6 terms
 11:53:08 DEBUG SimpleXMLCollection  :: Found 8 terms
 11:53:08 DEBUG SimpleXMLCollection  :: Found 6 terms
 11:53:08 DEBUG SimpleXMLCollection  :: Found 6 terms
 11:53:08 DEBUG SimpleXMLCollection  :: Found 4 terms
 11:53:08 DEBUG SimpleXMLCollection  :: Found 4 terms
 11:53:08 DEBUG SimpleXMLCollection  :: Found 10 terms
 11:53:08 DEBUG SimpleXMLCollection  :: Found 5 terms
 11:53:08 DEBUG SimpleXMLCollection  :: Found 8 terms
 11:53:08 DEBUG SimpleXMLCollection  :: Found 5 terms
 11:53:08 DEBUG SimpleXMLCollection  :: Found 6 terms
 11:53:08 DEBUG SimpleXMLCollection  :: Found 10 terms
 11:53:08 DEBUG SimpleXMLCollection  :: Found 21 terms
 11:53:08 DEBUG SimpleXMLCollection  :: Found 6 terms
 11:53:08 DEBUG SimpleXMLCollection  :: Found 12 terms
 11:53:08 DEBUG SimpleXMLCollection  :: Found 12 terms
 11:53:08 DEBUG SimpleXMLCollection  :: Found 3 terms
 11:53:08 DEBUG SimpleXMLCollection  :: Found 5 terms
 11:53:08 DEBUG SimpleXMLCollection  :: Found 6 terms
 11:53:08 DEBUG SimpleXMLCollection  :: Found 5 terms
 11:53:08 DEBUG SimpleXMLCollection  :: Found 4 terms
 11:53:08 DEBUG SimpleXMLCollection  :: Found 6 terms
 11:53:08 DEBUG SimpleXMLCollection  :: Found 6 terms
 11:53:08 DEBUG SimpleXMLCollection  :: Found 6 terms
 11:53:08 DEBUG SimpleXMLCollection  :: Found 4 terms
 11:53:08 DEBUG SimpleXMLCollection  :: Found 4 terms
 11:53:08 DEBUG SimpleXMLCollection  :: Found 10 terms
 11:53:08 DEBUG SimpleXMLCollection  :: Found 6 terms
 11:53:08 DEBUG SimpleXMLCollection  :: Found 6 terms
 11:53:08 DEBUG SimpleXMLCollection  :: Found 10 terms
 11:53:08 DEBUG SimpleXMLCollection  :: Found 4 terms
 11:53:08 DEBUG SimpleXMLCollection  :: Found 5 terms
 11:53:08 DEBUG SimpleXMLCollection  :: Found 4 terms
 11:53:08 DEBUG SimpleXMLCollection  :: Found 4 terms
 11:53:08 DEBUG SimpleXMLCollection  :: Found 3 terms
 11:53:08 DEBUG SimpleXMLCollection  :: Found 12 terms
 11:53:08 DEBUG SimpleXMLCollection  :: Found 10 terms
 11:53:08 DEBUG SimpleXMLCollection  :: Found 12 terms
 11:53:08 DEBUG SimpleXMLCollection  :: Found 4 terms
 11:53:08 DEBUG SimpleXMLCollection  :: Found 5 terms
 11:53:08 DEBUG SimpleXMLCollection  :: Found 5 terms
 11:53:08 DEBUG SimpleXMLCollection  :: Found 24 terms
 11:53:08 DEBUG SimpleXMLCollection  :: Found 4 terms
 11:53:08 DEBUG SimpleXMLCollection  :: Found 6 terms
 11:53:08 DEBUG SimpleXMLCollection  :: Found 8 terms
 11:53:08 DEBUG SimpleXMLCollection  :: Found 6 terms
 11:53:08 DEBUG SimpleXMLCollection  :: Found 4 terms
 11:53:08 DEBUG SimpleXMLCollection  :: Found 8 terms
 11:53:08 DEBUG SimpleXMLCollection  :: Found 4 terms
 11:53:08 DEBUG SimpleXMLCollection  :: Found 10 terms
 11:53:08 DEBUG SimpleXMLCollection  :: Found 5 terms
 11:53:08 DEBUG SimpleXMLCollection  :: Found 8 terms
 11:53:08 DEBUG SimpleXMLCollection  :: Found 5 terms
 11:53:08 DEBUG SimpleXMLCollection  :: Found 6 terms
 11:53:08 DEBUG SimpleXMLCollection  :: Found 10 terms
 11:53:08 DEBUG SimpleXMLCollection  :: Found 14 terms
 11:53:08 DEBUG SimpleXMLCollection  :: Found 14 terms
 11:53:08 DEBUG SimpleXMLCollection  :: Found 12 terms
 11:53:08 DEBUG SimpleXMLCollection  :: Found 6 terms
 11:53:08 DEBUG SimpleXMLCollection  :: Found 12 terms
 11:53:08 DEBUG SimpleXMLCollection  :: Found 3 terms
 11:53:08 DEBUG SimpleXMLCollection  :: Found 5 terms
 11:53:08 DEBUG SimpleXMLCollection  :: Found 6 terms
 11:53:08 DEBUG SimpleXMLCollection  :: Found 5 terms
 11:53:08 DEBUG SimpleXMLCollection  :: Found 4 terms
 11:53:08 DEBUG SimpleXMLCollection  :: Found 6 terms
 11:53:08 DEBUG SimpleXMLCollection  :: Found 6 terms
 11:53:08 DEBUG SimpleXMLCollection  :: Found 6 terms
 11:53:08 DEBUG SimpleXMLCollection  :: Found 4 terms
 11:53:08 DEBUG SimpleXMLCollection  :: Found 4 terms
 11:53:08 DEBUG SimpleXMLCollection  :: Found 10 terms
 11:53:08 DEBUG SimpleXMLCollection  :: Found 6 terms
 11:53:08 DEBUG SimpleXMLCollection  :: Found 6 terms
 11:53:08 DEBUG SimpleXMLCollection  :: Found 10 terms
 11:53:08 DEBUG SimpleXMLCollection  :: Found 4 terms
 11:53:08 DEBUG SimpleXMLCollection  :: Found 5 terms
 11:53:08 DEBUG SimpleXMLCollection  :: Found 4 terms
 11:53:08 DEBUG SimpleXMLCollection  :: Found 4 terms
 11:53:08 DEBUG SimpleXMLCollection  :: Found 3 terms
 11:53:08 DEBUG SimpleXMLCollection  :: Found 8 terms
 11:53:08 DEBUG SimpleXMLCollection  :: Found 10 terms
 11:53:08 DEBUG SimpleXMLCollection  :: Found 8 terms
 11:53:08 DEBUG SimpleXMLCollection  :: Found 8 terms
 11:53:08 DEBUG SimpleXMLCollection  :: Found 10 terms
 11:53:08 DEBUG SimpleXMLCollection  :: Found 5 terms
 11:53:08 DEBUG SimpleXMLCollection  :: Found 6 terms
 11:53:08 DEBUG SimpleXMLCollection  :: Found 5 terms
 11:53:08 DEBUG SimpleXMLCollection  :: Found 4 terms
 11:53:08 DEBUG SimpleXMLCollection  :: Found 15 terms
 11:53:08 DEBUG SimpleXMLCollection  :: Found 10 terms
 11:53:08 DEBUG SimpleXMLCollection  :: Found 13 terms
 11:53:08 DEBUG SimpleXMLCollection  :: Found 4 terms
 11:53:08 DEBUG SimpleXMLCollection  :: Found 20 terms
 11:53:08 DEBUG SimpleXMLCollection  :: Found 12 terms
 11:53:08 DEBUG SimpleXMLCollection  :: Found 10 terms
 11:53:08 DEBUG SimpleXMLCollection  :: Found 15 terms
 11:53:08 DEBUG SimpleXMLCollection  :: Found 8 terms
 11:53:08 DEBUG SimpleXMLCollection  :: Found 4 terms
 11:53:08 DEBUG SimpleXMLCollection  :: Found 4 terms
 11:53:08 DEBUG SimpleXMLCollection  :: Found 8 terms
 11:53:08 DEBUG SimpleXMLCollection  :: Found 9 terms
 11:53:08 DEBUG SimpleXMLCollection  :: Found 6 terms
 11:53:08 DEBUG SimpleXMLCollection  :: Found 5 terms
 11:53:08 DEBUG SimpleXMLCollection  :: Found 4 terms
 11:53:08 DEBUG SimpleXMLCollection  :: Found 25 terms
 11:53:08 DEBUG SimpleXMLCollection  :: Found 5 terms
 11:53:08 DEBUG SimpleXMLCollection  :: Found 4 terms
 11:53:08 DEBUG SimpleXMLCollection  :: Found 6 terms
 11:53:08 DEBUG SimpleXMLCollection  :: Found 8 terms
 11:53:08 DEBUG SimpleXMLCollection  :: Found 6 terms
 11:53:08 DEBUG SimpleXMLCollection  :: Found 5 terms
 11:53:08 DEBUG SimpleXMLCollection  :: Found 6 terms
 11:53:08 DEBUG SimpleXMLCollection  :: Found 13 terms
 11:53:08 DEBUG SimpleXMLCollection  :: Found 10 terms
 11:53:08 DEBUG SimpleXMLCollection  :: Found 5 terms
 11:53:08 DEBUG SimpleXMLCollection  :: Found 5 terms
 11:53:08 DEBUG SimpleXMLCollection  :: Found 4 terms
 11:53:08 DEBUG SimpleXMLCollection  :: Found 12 terms
 11:53:08 DEBUG SimpleXMLCollection  :: Found 10 terms
 11:53:08 DEBUG SimpleXMLCollection  :: Found 6 terms
 11:53:08 INFO  SimpleXMLCollection  :: Found 641 documents in /Users/dennisdosso/workspace-rdf/mvn_prova/datasets/retrieved_graphs_in_xml/retrieved_graphs_xml.xml
 11:56:38 INFO  Indexer              :: creating the data structures data_1
 11:56:38 DEBUG Index                :: Files  /Users/dennisdosso/workspace-rdf/mvn_prova/datasets/index/data_1.properties doesn't exist
 11:56:38 DEBUG Index                :: Creating new index : Index(/Users/dennisdosso/workspace-rdf/mvn_prova/datasets/index,data_1)
 11:56:38 DEBUG Index                :: Attempting to load structure lexicon-valuefactory
 11:56:38 DEBUG RuntimeMemoryChecker :: memory.reserved=104857600 memory.heap.usage=0.7
 11:56:38 DEBUG CompressingMetaIndexBuilder :: Initialising CompressingMetaIndexBuilder
 11:56:38 DEBUG SimpleXMLCollection  :: Processing file /Users/dennisdosso/workspace-rdf/mvn_prova/datasets/retrieved_graphs_in_xml/retrieved_graphs_xml.xml
 11:56:39 DEBUG SimpleXMLCollection  :: Found 6 terms
 11:56:39 DEBUG SimpleXMLCollection  :: Found 7 terms
 11:56:39 DEBUG SimpleXMLCollection  :: Found 10 terms
 11:56:39 DEBUG SimpleXMLCollection  :: Found 6 terms
 11:56:39 DEBUG SimpleXMLCollection  :: Found 5 terms
 11:56:39 DEBUG SimpleXMLCollection  :: Found 5 terms
 11:56:39 DEBUG SimpleXMLCollection  :: Found 6 terms
 11:56:39 DEBUG SimpleXMLCollection  :: Found 10 terms
 11:56:39 DEBUG SimpleXMLCollection  :: Found 15 terms
 11:56:39 DEBUG SimpleXMLCollection  :: Found 6 terms
 11:56:39 DEBUG SimpleXMLCollection  :: Found 4 terms
 11:56:39 DEBUG SimpleXMLCollection  :: Found 25 terms
 11:56:39 DEBUG SimpleXMLCollection  :: Found 4 terms
 11:56:39 DEBUG SimpleXMLCollection  :: Found 6 terms
 11:56:39 DEBUG SimpleXMLCollection  :: Found 10 terms
 11:56:39 DEBUG SimpleXMLCollection  :: Found 6 terms
 11:56:39 DEBUG SimpleXMLCollection  :: Found 5 terms
 11:56:39 DEBUG SimpleXMLCollection  :: Found 5 terms
 11:56:39 DEBUG SimpleXMLCollection  :: Found 15 terms
 11:56:39 DEBUG SimpleXMLCollection  :: Found 8 terms
 11:56:39 DEBUG SimpleXMLCollection  :: Found 7 terms
 11:56:39 DEBUG SimpleXMLCollection  :: Found 10 terms
 11:56:39 DEBUG SimpleXMLCollection  :: Found 6 terms
 11:56:39 DEBUG SimpleXMLCollection  :: Found 10 terms
 11:56:39 DEBUG SimpleXMLCollection  :: Found 9 terms
 11:56:39 DEBUG SimpleXMLCollection  :: Found 6 terms
 11:56:39 DEBUG SimpleXMLCollection  :: Found 4 terms
 11:56:39 DEBUG SimpleXMLCollection  :: Found 8 terms
 11:56:39 DEBUG SimpleXMLCollection  :: Found 7 terms
 11:56:39 DEBUG SimpleXMLCollection  :: Found 8 terms
 11:56:39 DEBUG SimpleXMLCollection  :: Found 4 terms
 11:56:39 DEBUG SimpleXMLCollection  :: Found 8 terms
 11:56:39 DEBUG SimpleXMLCollection  :: Found 6 terms
 11:56:39 DEBUG SimpleXMLCollection  :: Found 6 terms
 11:56:39 DEBUG SimpleXMLCollection  :: Found 5 terms
 11:56:39 DEBUG SimpleXMLCollection  :: Found 8 terms
 11:56:39 DEBUG SimpleXMLCollection  :: Found 6 terms
 11:56:39 DEBUG SimpleXMLCollection  :: Found 4 terms
 11:56:39 DEBUG SimpleXMLCollection  :: Found 8 terms
 11:56:39 DEBUG SimpleXMLCollection  :: Found 4 terms
 11:56:39 DEBUG SimpleXMLCollection  :: Found 8 terms
 11:56:39 DEBUG SimpleXMLCollection  :: Found 8 terms
 11:56:39 DEBUG SimpleXMLCollection  :: Found 6 terms
 11:56:39 DEBUG SimpleXMLCollection  :: Found 10 terms
 11:56:39 DEBUG SimpleXMLCollection  :: Found 10 terms
 11:56:39 DEBUG SimpleXMLCollection  :: Found 6 terms
 11:56:39 DEBUG SimpleXMLCollection  :: Found 4 terms
 11:56:39 DEBUG SimpleXMLCollection  :: Found 8 terms
 11:56:39 DEBUG SimpleXMLCollection  :: Found 6 terms
 11:56:39 DEBUG SimpleXMLCollection  :: Found 9 terms
 11:56:39 DEBUG SimpleXMLCollection  :: Found 4 terms
 11:56:39 DEBUG SimpleXMLCollection  :: Found 4 terms
 11:56:39 DEBUG SimpleXMLCollection  :: Found 8 terms
 11:56:39 DEBUG SimpleXMLCollection  :: Found 8 terms
 11:56:39 DEBUG SimpleXMLCollection  :: Found 4 terms
 11:56:39 DEBUG SimpleXMLCollection  :: Found 10 terms
 11:56:39 DEBUG SimpleXMLCollection  :: Found 10 terms
 11:56:39 DEBUG SimpleXMLCollection  :: Found 10 terms
 11:56:39 DEBUG SimpleXMLCollection  :: Found 10 terms
 11:56:39 DEBUG SimpleXMLCollection  :: Found 15 terms
 11:56:39 DEBUG SimpleXMLCollection  :: Found 10 terms
 11:56:39 DEBUG SimpleXMLCollection  :: Found 4 terms
 11:56:39 DEBUG SimpleXMLCollection  :: Found 8 terms
 11:56:39 DEBUG SimpleXMLCollection  :: Found 10 terms
 11:56:39 DEBUG SimpleXMLCollection  :: Found 4 terms
 11:56:39 DEBUG SimpleXMLCollection  :: Found 4 terms
 11:56:39 DEBUG SimpleXMLCollection  :: Found 8 terms
 11:56:39 DEBUG SimpleXMLCollection  :: Found 8 terms
 11:56:39 DEBUG SimpleXMLCollection  :: Found 4 terms
 11:56:39 DEBUG SimpleXMLCollection  :: Found 8 terms
 11:56:39 DEBUG SimpleXMLCollection  :: Found 10 terms
 11:56:39 DEBUG SimpleXMLCollection  :: Found 6 terms
 11:56:39 DEBUG SimpleXMLCollection  :: Found 5 terms
 11:56:39 DEBUG SimpleXMLCollection  :: Found 5 terms
 11:56:39 DEBUG SimpleXMLCollection  :: Found 7 terms
 11:56:39 DEBUG SimpleXMLCollection  :: Found 8 terms
 11:56:39 DEBUG SimpleXMLCollection  :: Found 12 terms
 11:56:39 DEBUG SimpleXMLCollection  :: Found 4 terms
 11:56:39 DEBUG SimpleXMLCollection  :: Found 8 terms
 11:56:39 DEBUG SimpleXMLCollection  :: Found 6 terms
 11:56:39 DEBUG SimpleXMLCollection  :: Found 4 terms
 11:56:39 DEBUG SimpleXMLCollection  :: Found 6 terms
 11:56:39 DEBUG SimpleXMLCollection  :: Found 8 terms
 11:56:39 DEBUG SimpleXMLCollection  :: Found 6 terms
 11:56:39 DEBUG SimpleXMLCollection  :: Found 5 terms
 11:56:39 DEBUG SimpleXMLCollection  :: Found 4 terms
 11:56:39 DEBUG SimpleXMLCollection  :: Found 4 terms
 11:56:39 DEBUG SimpleXMLCollection  :: Found 20 terms
 11:56:39 DEBUG SimpleXMLCollection  :: Found 5 terms
 11:56:39 DEBUG SimpleXMLCollection  :: Found 6 terms
 11:56:39 DEBUG SimpleXMLCollection  :: Found 4 terms
 11:56:39 DEBUG SimpleXMLCollection  :: Found 8 terms
 11:56:39 DEBUG SimpleXMLCollection  :: Found 5 terms
 11:56:39 DEBUG SimpleXMLCollection  :: Found 4 terms
 11:56:39 DEBUG SimpleXMLCollection  :: Found 6 terms
 11:56:39 DEBUG SimpleXMLCollection  :: Found 6 terms
 11:56:39 DEBUG SimpleXMLCollection  :: Found 5 terms
 11:56:39 DEBUG SimpleXMLCollection  :: Found 8 terms
 11:56:39 DEBUG SimpleXMLCollection  :: Found 8 terms
 11:56:39 DEBUG SimpleXMLCollection  :: Found 8 terms
 11:56:39 DEBUG SimpleXMLCollection  :: Found 8 terms
 11:56:39 DEBUG SimpleXMLCollection  :: Found 9 terms
 11:56:39 DEBUG SimpleXMLCollection  :: Found 4 terms
 11:56:39 DEBUG SimpleXMLCollection  :: Found 8 terms
 11:56:39 DEBUG SimpleXMLCollection  :: Found 4 terms
 11:56:39 DEBUG SimpleXMLCollection  :: Found 8 terms
 11:56:39 DEBUG SimpleXMLCollection  :: Found 5 terms
 11:56:39 DEBUG SimpleXMLCollection  :: Found 5 terms
 11:56:39 DEBUG SimpleXMLCollection  :: Found 8 terms
 11:56:39 DEBUG SimpleXMLCollection  :: Found 18 terms
 11:56:39 DEBUG SimpleXMLCollection  :: Found 6 terms
 11:56:39 DEBUG SimpleXMLCollection  :: Found 10 terms
 11:56:39 DEBUG SimpleXMLCollection  :: Found 8 terms
 11:56:39 DEBUG SimpleXMLCollection  :: Found 6 terms
 11:56:39 DEBUG SimpleXMLCollection  :: Found 4 terms
 11:56:39 DEBUG SimpleXMLCollection  :: Found 8 terms
 11:56:39 DEBUG SimpleXMLCollection  :: Found 12 terms
 11:56:39 DEBUG SimpleXMLCollection  :: Found 8 terms
 11:56:39 DEBUG SimpleXMLCollection  :: Found 8 terms
 11:56:39 DEBUG SimpleXMLCollection  :: Found 6 terms
 11:56:39 DEBUG SimpleXMLCollection  :: Found 10 terms
 11:56:39 DEBUG SimpleXMLCollection  :: Found 8 terms
 11:56:39 DEBUG SimpleXMLCollection  :: Found 4 terms
 11:56:39 DEBUG SimpleXMLCollection  :: Found 6 terms
 11:56:39 DEBUG SimpleXMLCollection  :: Found 4 terms
 11:56:39 DEBUG SimpleXMLCollection  :: Found 8 terms
 11:56:39 DEBUG SimpleXMLCollection  :: Found 5 terms
 11:56:39 DEBUG SimpleXMLCollection  :: Found 5 terms
 11:56:39 DEBUG SimpleXMLCollection  :: Found 8 terms
 11:56:39 DEBUG SimpleXMLCollection  :: Found 8 terms
 11:56:39 DEBUG SimpleXMLCollection  :: Found 5 terms
 11:56:39 DEBUG SimpleXMLCollection  :: Found 10 terms
 11:56:39 DEBUG SimpleXMLCollection  :: Found 4 terms
 11:56:39 DEBUG SimpleXMLCollection  :: Found 8 terms
 11:56:39 DEBUG SimpleXMLCollection  :: Found 4 terms
 11:56:39 DEBUG SimpleXMLCollection  :: Found 10 terms
 11:56:39 DEBUG SimpleXMLCollection  :: Found 12 terms
 11:56:39 DEBUG SimpleXMLCollection  :: Found 8 terms
 11:56:39 DEBUG SimpleXMLCollection  :: Found 25 terms
 11:56:39 DEBUG SimpleXMLCollection  :: Found 7 terms
 11:56:39 DEBUG SimpleXMLCollection  :: Found 6 terms
 11:56:39 DEBUG SimpleXMLCollection  :: Found 12 terms
 11:56:39 DEBUG SimpleXMLCollection  :: Found 4 terms
 11:56:39 DEBUG SimpleXMLCollection  :: Found 10 terms
 11:56:39 DEBUG SimpleXMLCollection  :: Found 12 terms
 11:56:39 DEBUG SimpleXMLCollection  :: Found 6 terms
 11:56:39 DEBUG SimpleXMLCollection  :: Found 4 terms
 11:56:39 DEBUG SimpleXMLCollection  :: Found 10 terms
 11:56:39 DEBUG SimpleXMLCollection  :: Found 18 terms
 11:56:39 DEBUG SimpleXMLCollection  :: Found 8 terms
 11:56:39 DEBUG SimpleXMLCollection  :: Found 6 terms
 11:56:39 DEBUG SimpleXMLCollection  :: Found 12 terms
 11:56:39 DEBUG SimpleXMLCollection  :: Found 17 terms
 11:56:39 DEBUG SimpleXMLCollection  :: Found 8 terms
 11:56:39 DEBUG SimpleXMLCollection  :: Found 8 terms
 11:56:39 DEBUG SimpleXMLCollection  :: Found 10 terms
 11:56:39 DEBUG SimpleXMLCollection  :: Found 6 terms
 11:56:39 DEBUG SimpleXMLCollection  :: Found 8 terms
 11:56:39 DEBUG SimpleXMLCollection  :: Found 5 terms
 11:56:39 DEBUG SimpleXMLCollection  :: Found 12 terms
 11:56:39 DEBUG SimpleXMLCollection  :: Found 4 terms
 11:56:39 DEBUG SimpleXMLCollection  :: Found 4 terms
 11:56:39 DEBUG SimpleXMLCollection  :: Found 4 terms
 11:56:39 DEBUG SimpleXMLCollection  :: Found 21 terms
 11:56:39 DEBUG SimpleXMLCollection  :: Found 4 terms
 11:56:39 DEBUG SimpleXMLCollection  :: Found 5 terms
 11:56:39 DEBUG SimpleXMLCollection  :: Found 12 terms
 11:56:39 DEBUG SimpleXMLCollection  :: Found 5 terms
 11:56:39 DEBUG SimpleXMLCollection  :: Found 12 terms
 11:56:39 DEBUG SimpleXMLCollection  :: Found 6 terms
 11:56:39 DEBUG SimpleXMLCollection  :: Found 4 terms
 11:56:39 DEBUG SimpleXMLCollection  :: Found 4 terms
 11:56:39 DEBUG SimpleXMLCollection  :: Found 4 terms
 11:56:39 DEBUG SimpleXMLCollection  :: Found 5 terms
 11:56:39 DEBUG SimpleXMLCollection  :: Found 4 terms
 11:56:39 DEBUG SimpleXMLCollection  :: Found 5 terms
 11:56:39 DEBUG SimpleXMLCollection  :: Found 5 terms
 11:56:39 DEBUG SimpleXMLCollection  :: Found 8 terms
 11:56:39 DEBUG SimpleXMLCollection  :: Found 9 terms
 11:56:39 DEBUG SimpleXMLCollection  :: Found 9 terms
 11:56:39 DEBUG SimpleXMLCollection  :: Found 4 terms
 11:56:39 DEBUG SimpleXMLCollection  :: Found 4 terms
 11:56:39 DEBUG SimpleXMLCollection  :: Found 10 terms
 11:56:39 DEBUG SimpleXMLCollection  :: Found 12 terms
 11:56:39 DEBUG SimpleXMLCollection  :: Found 5 terms
 11:56:39 DEBUG SimpleXMLCollection  :: Found 3 terms
 11:56:39 DEBUG SimpleXMLCollection  :: Found 12 terms
 11:56:39 DEBUG SimpleXMLCollection  :: Found 6 terms
 11:56:39 DEBUG SimpleXMLCollection  :: Found 7 terms
 11:56:39 DEBUG SimpleXMLCollection  :: Found 5 terms
 11:56:39 DEBUG SimpleXMLCollection  :: Found 4 terms
 11:56:39 DEBUG SimpleXMLCollection  :: Found 10 terms
 11:56:39 DEBUG SimpleXMLCollection  :: Found 8 terms
 11:56:39 DEBUG SimpleXMLCollection  :: Found 6 terms
 11:56:39 DEBUG SimpleXMLCollection  :: Found 5 terms
 11:56:39 DEBUG SimpleXMLCollection  :: Found 6 terms
 11:56:39 DEBUG SimpleXMLCollection  :: Found 6 terms
 11:56:39 DEBUG SimpleXMLCollection  :: Found 6 terms
 11:56:39 DEBUG SimpleXMLCollection  :: Found 10 terms
 11:56:39 DEBUG SimpleXMLCollection  :: Found 10 terms
 11:56:39 DEBUG SimpleXMLCollection  :: Found 4 terms
 11:56:39 DEBUG SimpleXMLCollection  :: Found 5 terms
 11:56:39 DEBUG SimpleXMLCollection  :: Found 8 terms
 11:56:39 DEBUG SimpleXMLCollection  :: Found 5 terms
 11:56:39 DEBUG SimpleXMLCollection  :: Found 4 terms
 11:56:39 DEBUG SimpleXMLCollection  :: Found 6 terms
 11:56:39 DEBUG SimpleXMLCollection  :: Found 8 terms
 11:56:39 DEBUG SimpleXMLCollection  :: Found 5 terms
 11:56:39 DEBUG SimpleXMLCollection  :: Found 10 terms
 11:56:39 DEBUG SimpleXMLCollection  :: Found 4 terms
 11:56:39 DEBUG SimpleXMLCollection  :: Found 6 terms
 11:56:39 DEBUG SimpleXMLCollection  :: Found 6 terms
 11:56:39 DEBUG SimpleXMLCollection  :: Found 9 terms
 11:56:39 DEBUG SimpleXMLCollection  :: Found 9 terms
 11:56:39 DEBUG SimpleXMLCollection  :: Found 4 terms
 11:56:39 DEBUG SimpleXMLCollection  :: Found 8 terms
 11:56:39 DEBUG SimpleXMLCollection  :: Found 8 terms
 11:56:39 DEBUG SimpleXMLCollection  :: Found 9 terms
 11:56:39 DEBUG SimpleXMLCollection  :: Found 5 terms
 11:56:39 DEBUG SimpleXMLCollection  :: Found 10 terms
 11:56:39 DEBUG SimpleXMLCollection  :: Found 4 terms
 11:56:39 DEBUG SimpleXMLCollection  :: Found 6 terms
 11:56:39 DEBUG SimpleXMLCollection  :: Found 5 terms
 11:56:39 DEBUG SimpleXMLCollection  :: Found 5 terms
 11:56:39 DEBUG SimpleXMLCollection  :: Found 10 terms
 11:56:39 DEBUG SimpleXMLCollection  :: Found 10 terms
 11:56:39 DEBUG SimpleXMLCollection  :: Found 12 terms
 11:56:39 DEBUG SimpleXMLCollection  :: Found 5 terms
 11:56:39 DEBUG SimpleXMLCollection  :: Found 6 terms
 11:56:39 DEBUG SimpleXMLCollection  :: Found 10 terms
 11:56:39 DEBUG SimpleXMLCollection  :: Found 15 terms
 11:56:39 DEBUG SimpleXMLCollection  :: Found 4 terms
 11:56:39 DEBUG SimpleXMLCollection  :: Found 8 terms
 11:56:39 DEBUG SimpleXMLCollection  :: Found 10 terms
 11:56:39 DEBUG SimpleXMLCollection  :: Found 4 terms
 11:56:39 DEBUG SimpleXMLCollection  :: Found 10 terms
 11:56:39 DEBUG SimpleXMLCollection  :: Found 6 terms
 11:56:39 DEBUG SimpleXMLCollection  :: Found 10 terms
 11:56:39 DEBUG SimpleXMLCollection  :: Found 12 terms
 11:56:39 DEBUG SimpleXMLCollection  :: Found 8 terms
 11:56:39 DEBUG SimpleXMLCollection  :: Found 8 terms
 11:56:39 DEBUG SimpleXMLCollection  :: Found 4 terms
 11:56:39 DEBUG SimpleXMLCollection  :: Found 7 terms
 11:56:39 DEBUG SimpleXMLCollection  :: Found 10 terms
 11:56:39 DEBUG SimpleXMLCollection  :: Found 5 terms
 11:56:39 DEBUG SimpleXMLCollection  :: Found 12 terms
 11:56:39 DEBUG SimpleXMLCollection  :: Found 6 terms
 11:56:39 DEBUG SimpleXMLCollection  :: Found 8 terms
 11:56:39 DEBUG SimpleXMLCollection  :: Found 4 terms
 11:56:39 DEBUG SimpleXMLCollection  :: Found 4 terms
 11:56:39 DEBUG SimpleXMLCollection  :: Found 6 terms
 11:56:39 DEBUG SimpleXMLCollection  :: Found 8 terms
 11:56:39 DEBUG SimpleXMLCollection  :: Found 12 terms
 11:56:39 DEBUG SimpleXMLCollection  :: Found 14 terms
 11:56:39 DEBUG SimpleXMLCollection  :: Found 6 terms
 11:56:39 DEBUG SimpleXMLCollection  :: Found 8 terms
 11:56:39 DEBUG SimpleXMLCollection  :: Found 5 terms
 11:56:39 DEBUG SimpleXMLCollection  :: Found 10 terms
 11:56:39 DEBUG SimpleXMLCollection  :: Found 10 terms
 11:56:39 DEBUG SimpleXMLCollection  :: Found 4 terms
 11:56:39 DEBUG SimpleXMLCollection  :: Found 8 terms
 11:56:39 DEBUG SimpleXMLCollection  :: Found 6 terms
 11:56:39 DEBUG SimpleXMLCollection  :: Found 6 terms
 11:56:39 DEBUG SimpleXMLCollection  :: Found 3 terms
 11:56:39 DEBUG SimpleXMLCollection  :: Found 8 terms
 11:56:39 DEBUG SimpleXMLCollection  :: Found 18 terms
 11:56:39 DEBUG SimpleXMLCollection  :: Found 6 terms
 11:56:39 DEBUG SimpleXMLCollection  :: Found 4 terms
 11:56:39 DEBUG SimpleXMLCollection  :: Found 8 terms
 11:56:39 DEBUG SimpleXMLCollection  :: Found 8 terms
 11:56:39 DEBUG SimpleXMLCollection  :: Found 8 terms
 11:56:39 DEBUG SimpleXMLCollection  :: Found 8 terms
 11:56:39 DEBUG SimpleXMLCollection  :: Found 12 terms
 11:56:39 DEBUG SimpleXMLCollection  :: Found 8 terms
 11:56:39 DEBUG SimpleXMLCollection  :: Found 4 terms
 11:56:39 DEBUG SimpleXMLCollection  :: Found 4 terms
 11:56:39 DEBUG SimpleXMLCollection  :: Found 8 terms
 11:56:39 DEBUG SimpleXMLCollection  :: Found 4 terms
 11:56:39 DEBUG SimpleXMLCollection  :: Found 6 terms
 11:56:39 DEBUG SimpleXMLCollection  :: Found 14 terms
 11:56:39 DEBUG SimpleXMLCollection  :: Found 10 terms
 11:56:39 DEBUG SimpleXMLCollection  :: Found 10 terms
 11:56:39 DEBUG SimpleXMLCollection  :: Found 6 terms
 11:56:39 DEBUG SimpleXMLCollection  :: Found 8 terms
 11:56:39 DEBUG SimpleXMLCollection  :: Found 4 terms
 11:56:39 DEBUG SimpleXMLCollection  :: Found 8 terms
 11:56:39 DEBUG SimpleXMLCollection  :: Found 6 terms
 11:56:39 DEBUG SimpleXMLCollection  :: Found 4 terms
 11:56:39 DEBUG SimpleXMLCollection  :: Found 6 terms
 11:56:39 DEBUG SimpleXMLCollection  :: Found 4 terms
 11:56:39 DEBUG SimpleXMLCollection  :: Found 8 terms
 11:56:39 DEBUG SimpleXMLCollection  :: Found 5 terms
 11:56:39 DEBUG SimpleXMLCollection  :: Found 5 terms
 11:56:39 DEBUG SimpleXMLCollection  :: Found 6 terms
 11:56:39 DEBUG SimpleXMLCollection  :: Found 6 terms
 11:56:39 DEBUG SimpleXMLCollection  :: Found 8 terms
 11:56:39 DEBUG SimpleXMLCollection  :: Found 15 terms
 11:56:39 DEBUG SimpleXMLCollection  :: Found 9 terms
 11:56:39 DEBUG SimpleXMLCollection  :: Found 12 terms
 11:56:39 DEBUG SimpleXMLCollection  :: Found 13 terms
 11:56:39 DEBUG SimpleXMLCollection  :: Found 20 terms
 11:56:39 DEBUG SimpleXMLCollection  :: Found 8 terms
 11:56:39 DEBUG SimpleXMLCollection  :: Found 20 terms
 11:56:39 DEBUG SimpleXMLCollection  :: Found 8 terms
 11:56:39 DEBUG SimpleXMLCollection  :: Found 8 terms
 11:56:39 DEBUG SimpleXMLCollection  :: Found 4 terms
 11:56:39 DEBUG SimpleXMLCollection  :: Found 4 terms
 11:56:39 DEBUG SimpleXMLCollection  :: Found 3 terms
 11:56:39 DEBUG SimpleXMLCollection  :: Found 10 terms
 11:56:39 DEBUG SimpleXMLCollection  :: Found 6 terms
 11:56:39 DEBUG SimpleXMLCollection  :: Found 4 terms
 11:56:39 DEBUG SimpleXMLCollection  :: Found 4 terms
 11:56:39 DEBUG SimpleXMLCollection  :: Found 5 terms
 11:56:39 DEBUG SimpleXMLCollection  :: Found 5 terms
 11:56:39 DEBUG SimpleXMLCollection  :: Found 7 terms
 11:56:39 DEBUG SimpleXMLCollection  :: Found 8 terms
 11:56:39 DEBUG SimpleXMLCollection  :: Found 8 terms
 11:56:39 DEBUG SimpleXMLCollection  :: Found 8 terms
 11:56:39 DEBUG SimpleXMLCollection  :: Found 4 terms
 11:56:39 DEBUG SimpleXMLCollection  :: Found 6 terms
 11:56:39 DEBUG SimpleXMLCollection  :: Found 5 terms
 11:56:39 DEBUG SimpleXMLCollection  :: Found 4 terms
 11:56:39 DEBUG SimpleXMLCollection  :: Found 8 terms
 11:56:39 DEBUG SimpleXMLCollection  :: Found 4 terms
 11:56:39 DEBUG SimpleXMLCollection  :: Found 8 terms
 11:56:39 DEBUG SimpleXMLCollection  :: Found 6 terms
 11:56:39 DEBUG SimpleXMLCollection  :: Found 5 terms
 11:56:39 DEBUG SimpleXMLCollection  :: Found 8 terms
 11:56:39 DEBUG SimpleXMLCollection  :: Found 8 terms
 11:56:39 DEBUG SimpleXMLCollection  :: Found 6 terms
 11:56:39 DEBUG SimpleXMLCollection  :: Found 4 terms
 11:56:39 DEBUG SimpleXMLCollection  :: Found 6 terms
 11:56:39 DEBUG SimpleXMLCollection  :: Found 8 terms
 11:56:39 DEBUG SimpleXMLCollection  :: Found 10 terms
 11:56:39 DEBUG SimpleXMLCollection  :: Found 3 terms
 11:56:39 DEBUG SimpleXMLCollection  :: Found 7 terms
 11:56:39 DEBUG SimpleXMLCollection  :: Found 5 terms
 11:56:39 DEBUG SimpleXMLCollection  :: Found 5 terms
 11:56:39 DEBUG SimpleXMLCollection  :: Found 6 terms
 11:56:39 DEBUG SimpleXMLCollection  :: Found 4 terms
 11:56:39 DEBUG SimpleXMLCollection  :: Found 5 terms
 11:56:39 DEBUG SimpleXMLCollection  :: Found 8 terms
 11:56:39 DEBUG SimpleXMLCollection  :: Found 10 terms
 11:56:39 DEBUG SimpleXMLCollection  :: Found 10 terms
 11:56:39 DEBUG SimpleXMLCollection  :: Found 5 terms
 11:56:39 DEBUG SimpleXMLCollection  :: Found 8 terms
 11:56:39 DEBUG SimpleXMLCollection  :: Found 56 terms
 11:56:39 DEBUG SimpleXMLCollection  :: Found 12 terms
 11:56:39 DEBUG SimpleXMLCollection  :: Found 4 terms
 11:56:39 DEBUG SimpleXMLCollection  :: Found 4 terms
 11:56:39 DEBUG SimpleXMLCollection  :: Found 12 terms
 11:56:39 DEBUG SimpleXMLCollection  :: Found 18 terms
 11:56:39 DEBUG SimpleXMLCollection  :: Found 8 terms
 11:56:39 DEBUG SimpleXMLCollection  :: Found 8 terms
 11:56:39 DEBUG SimpleXMLCollection  :: Found 10 terms
 11:56:39 DEBUG SimpleXMLCollection  :: Found 5 terms
 11:56:39 DEBUG SimpleXMLCollection  :: Found 6 terms
 11:56:39 DEBUG SimpleXMLCollection  :: Found 6 terms
 11:56:39 DEBUG SimpleXMLCollection  :: Found 4 terms
 11:56:39 DEBUG SimpleXMLCollection  :: Found 8 terms
 11:56:39 DEBUG SimpleXMLCollection  :: Found 8 terms
 11:56:39 DEBUG SimpleXMLCollection  :: Found 5 terms
 11:56:39 DEBUG SimpleXMLCollection  :: Found 10 terms
 11:56:39 DEBUG SimpleXMLCollection  :: Found 8 terms
 11:56:39 DEBUG SimpleXMLCollection  :: Found 4 terms
 11:56:39 DEBUG SimpleXMLCollection  :: Found 10 terms
 11:56:39 DEBUG SimpleXMLCollection  :: Found 3 terms
 11:56:39 DEBUG SimpleXMLCollection  :: Found 6 terms
 11:56:39 DEBUG SimpleXMLCollection  :: Found 4 terms
 11:56:39 DEBUG SimpleXMLCollection  :: Found 7 terms
 11:56:39 DEBUG SimpleXMLCollection  :: Found 6 terms
 11:56:39 DEBUG SimpleXMLCollection  :: Found 4 terms
 11:56:39 DEBUG SimpleXMLCollection  :: Found 6 terms
 11:56:39 DEBUG SimpleXMLCollection  :: Found 8 terms
 11:56:39 DEBUG SimpleXMLCollection  :: Found 4 terms
 11:56:39 DEBUG SimpleXMLCollection  :: Found 20 terms
 11:56:39 DEBUG SimpleXMLCollection  :: Found 4 terms
 11:56:39 DEBUG SimpleXMLCollection  :: Found 8 terms
 11:56:39 DEBUG SimpleXMLCollection  :: Found 6 terms
 11:56:39 DEBUG SimpleXMLCollection  :: Found 8 terms
 11:56:39 DEBUG SimpleXMLCollection  :: Found 4 terms
 11:56:39 DEBUG SimpleXMLCollection  :: Found 6 terms
 11:56:39 DEBUG SimpleXMLCollection  :: Found 6 terms
 11:56:39 DEBUG SimpleXMLCollection  :: Found 8 terms
 11:56:39 DEBUG SimpleXMLCollection  :: Found 18 terms
 11:56:39 DEBUG SimpleXMLCollection  :: Found 14 terms
 11:56:39 DEBUG SimpleXMLCollection  :: Found 15 terms
 11:56:39 DEBUG SimpleXMLCollection  :: Found 4 terms
 11:56:39 DEBUG SimpleXMLCollection  :: Found 3 terms
 11:56:39 DEBUG SimpleXMLCollection  :: Found 13 terms
 11:56:39 DEBUG SimpleXMLCollection  :: Found 6 terms
 11:56:39 DEBUG SimpleXMLCollection  :: Found 6 terms
 11:56:39 DEBUG SimpleXMLCollection  :: Found 4 terms
 11:56:39 DEBUG SimpleXMLCollection  :: Found 8 terms
 11:56:39 DEBUG SimpleXMLCollection  :: Found 8 terms
 11:56:39 DEBUG SimpleXMLCollection  :: Found 8 terms
 11:56:39 DEBUG SimpleXMLCollection  :: Found 6 terms
 11:56:39 DEBUG SimpleXMLCollection  :: Found 7 terms
 11:56:39 DEBUG SimpleXMLCollection  :: Found 5 terms
 11:56:39 DEBUG SimpleXMLCollection  :: Found 15 terms
 11:56:39 DEBUG SimpleXMLCollection  :: Found 6 terms
 11:56:39 DEBUG SimpleXMLCollection  :: Found 4 terms
 11:56:39 DEBUG SimpleXMLCollection  :: Found 8 terms
 11:56:39 DEBUG SimpleXMLCollection  :: Found 4 terms
 11:56:39 DEBUG SimpleXMLCollection  :: Found 8 terms
 11:56:39 DEBUG SimpleXMLCollection  :: Found 6 terms
 11:56:39 DEBUG SimpleXMLCollection  :: Found 6 terms
 11:56:39 DEBUG SimpleXMLCollection  :: Found 30 terms
 11:56:39 DEBUG SimpleXMLCollection  :: Found 10 terms
 11:56:39 DEBUG SimpleXMLCollection  :: Found 8 terms
 11:56:39 DEBUG SimpleXMLCollection  :: Found 4 terms
 11:56:39 DEBUG SimpleXMLCollection  :: Found 25 terms
 11:56:39 DEBUG SimpleXMLCollection  :: Found 4 terms
 11:56:39 DEBUG SimpleXMLCollection  :: Found 5 terms
 11:56:39 DEBUG SimpleXMLCollection  :: Found 8 terms
 11:56:39 DEBUG SimpleXMLCollection  :: Found 5 terms
 11:56:39 DEBUG SimpleXMLCollection  :: Found 6 terms
 11:56:39 DEBUG SimpleXMLCollection  :: Found 6 terms
 11:56:39 DEBUG SimpleXMLCollection  :: Found 4 terms
 11:56:39 DEBUG SimpleXMLCollection  :: Found 6 terms
 11:56:39 DEBUG SimpleXMLCollection  :: Found 7 terms
 11:56:39 DEBUG SimpleXMLCollection  :: Found 5 terms
 11:56:39 DEBUG SimpleXMLCollection  :: Found 4 terms
 11:56:39 DEBUG SimpleXMLCollection  :: Found 12 terms
 11:56:39 DEBUG SimpleXMLCollection  :: Found 8 terms
 11:56:39 DEBUG SimpleXMLCollection  :: Found 3 terms
 11:56:39 DEBUG SimpleXMLCollection  :: Found 14 terms
 11:56:39 DEBUG SimpleXMLCollection  :: Found 4 terms
 11:56:39 DEBUG SimpleXMLCollection  :: Found 6 terms
 11:56:39 DEBUG SimpleXMLCollection  :: Found 4 terms
 11:56:39 DEBUG SimpleXMLCollection  :: Found 6 terms
 11:56:39 DEBUG SimpleXMLCollection  :: Found 15 terms
 11:56:39 DEBUG SimpleXMLCollection  :: Found 4 terms
 11:56:39 DEBUG SimpleXMLCollection  :: Found 12 terms
 11:56:39 DEBUG SimpleXMLCollection  :: Found 10 terms
 11:56:39 DEBUG SimpleXMLCollection  :: Found 7 terms
 11:56:39 DEBUG SimpleXMLCollection  :: Found 8 terms
 11:56:39 DEBUG SimpleXMLCollection  :: Found 5 terms
 11:56:39 DEBUG SimpleXMLCollection  :: Found 8 terms
 11:56:39 DEBUG SimpleXMLCollection  :: Found 10 terms
 11:56:39 DEBUG SimpleXMLCollection  :: Found 6 terms
 11:56:39 DEBUG SimpleXMLCollection  :: Found 6 terms
 11:56:39 DEBUG SimpleXMLCollection  :: Found 12 terms
 11:56:39 DEBUG SimpleXMLCollection  :: Found 6 terms
 11:56:39 DEBUG SimpleXMLCollection  :: Found 6 terms
 11:56:39 DEBUG SimpleXMLCollection  :: Found 4 terms
 11:56:39 DEBUG SimpleXMLCollection  :: Found 8 terms
 11:56:39 DEBUG SimpleXMLCollection  :: Found 4 terms
 11:56:39 DEBUG SimpleXMLCollection  :: Found 6 terms
 11:56:39 DEBUG SimpleXMLCollection  :: Found 4 terms
 11:56:39 DEBUG SimpleXMLCollection  :: Found 6 terms
 11:56:39 DEBUG SimpleXMLCollection  :: Found 4 terms
 11:56:39 DEBUG SimpleXMLCollection  :: Found 6 terms
 11:56:39 DEBUG SimpleXMLCollection  :: Found 4 terms
 11:56:39 DEBUG SimpleXMLCollection  :: Found 6 terms
 11:56:39 DEBUG SimpleXMLCollection  :: Found 5 terms
 11:56:39 DEBUG SimpleXMLCollection  :: Found 5 terms
 11:56:39 DEBUG SimpleXMLCollection  :: Found 4 terms
 11:56:39 DEBUG SimpleXMLCollection  :: Found 6 terms
 11:56:39 DEBUG SimpleXMLCollection  :: Found 20 terms
 11:56:39 DEBUG SimpleXMLCollection  :: Found 10 terms
 11:56:39 DEBUG SimpleXMLCollection  :: Found 4 terms
 11:56:39 DEBUG SimpleXMLCollection  :: Found 8 terms
 11:56:39 DEBUG SimpleXMLCollection  :: Found 6 terms
 11:56:39 DEBUG SimpleXMLCollection  :: Found 5 terms
 11:56:39 DEBUG SimpleXMLCollection  :: Found 5 terms
 11:56:39 DEBUG SimpleXMLCollection  :: Found 4 terms
 11:56:39 DEBUG SimpleXMLCollection  :: Found 6 terms
 11:56:39 DEBUG SimpleXMLCollection  :: Found 7 terms
 11:56:39 DEBUG SimpleXMLCollection  :: Found 4 terms
 11:56:39 DEBUG SimpleXMLCollection  :: Found 4 terms
 11:56:39 DEBUG SimpleXMLCollection  :: Found 8 terms
 11:56:39 DEBUG SimpleXMLCollection  :: Found 4 terms
 11:56:39 DEBUG SimpleXMLCollection  :: Found 6 terms
 11:56:39 DEBUG SimpleXMLCollection  :: Found 8 terms
 11:56:39 DEBUG SimpleXMLCollection  :: Found 4 terms
 11:56:39 DEBUG SimpleXMLCollection  :: Found 10 terms
 11:56:39 DEBUG SimpleXMLCollection  :: Found 5 terms
 11:56:39 DEBUG SimpleXMLCollection  :: Found 12 terms
 11:56:39 DEBUG SimpleXMLCollection  :: Found 10 terms
 11:56:39 DEBUG SimpleXMLCollection  :: Found 15 terms
 11:56:39 DEBUG SimpleXMLCollection  :: Found 7 terms
 11:56:39 DEBUG SimpleXMLCollection  :: Found 6 terms
 11:56:39 DEBUG SimpleXMLCollection  :: Found 8 terms
 11:56:39 DEBUG SimpleXMLCollection  :: Found 8 terms
 11:56:39 DEBUG SimpleXMLCollection  :: Found 4 terms
 11:56:39 DEBUG SimpleXMLCollection  :: Found 4 terms
 11:56:39 DEBUG SimpleXMLCollection  :: Found 12 terms
 11:56:39 DEBUG SimpleXMLCollection  :: Found 6 terms
 11:56:39 DEBUG SimpleXMLCollection  :: Found 6 terms
 11:56:39 DEBUG SimpleXMLCollection  :: Found 8 terms
 11:56:39 DEBUG SimpleXMLCollection  :: Found 8 terms
 11:56:39 DEBUG SimpleXMLCollection  :: Found 12 terms
 11:56:39 DEBUG SimpleXMLCollection  :: Found 4 terms
 11:56:39 DEBUG SimpleXMLCollection  :: Found 8 terms
 11:56:39 DEBUG SimpleXMLCollection  :: Found 5 terms
 11:56:39 DEBUG SimpleXMLCollection  :: Found 6 terms
 11:56:39 DEBUG SimpleXMLCollection  :: Found 6 terms
 11:56:39 DEBUG SimpleXMLCollection  :: Found 8 terms
 11:56:39 DEBUG SimpleXMLCollection  :: Found 8 terms
 11:56:39 DEBUG SimpleXMLCollection  :: Found 8 terms
 11:56:39 DEBUG SimpleXMLCollection  :: Found 6 terms
 11:56:39 DEBUG SimpleXMLCollection  :: Found 4 terms
 11:56:39 DEBUG SimpleXMLCollection  :: Found 5 terms
 11:56:39 DEBUG SimpleXMLCollection  :: Found 6 terms
 11:56:39 DEBUG SimpleXMLCollection  :: Found 8 terms
 11:56:39 DEBUG SimpleXMLCollection  :: Found 6 terms
 11:56:39 DEBUG SimpleXMLCollection  :: Found 13 terms
 11:56:39 DEBUG SimpleXMLCollection  :: Found 4 terms
 11:56:39 DEBUG SimpleXMLCollection  :: Found 7 terms
 11:56:39 DEBUG SimpleXMLCollection  :: Found 6 terms
 11:56:39 DEBUG SimpleXMLCollection  :: Found 4 terms
 11:56:39 DEBUG SimpleXMLCollection  :: Found 10 terms
 11:56:39 DEBUG SimpleXMLCollection  :: Found 6 terms
 11:56:39 DEBUG SimpleXMLCollection  :: Found 8 terms
 11:56:39 DEBUG SimpleXMLCollection  :: Found 25 terms
 11:56:39 DEBUG SimpleXMLCollection  :: Found 4 terms
 11:56:39 DEBUG SimpleXMLCollection  :: Found 5 terms
 11:56:39 DEBUG SimpleXMLCollection  :: Found 5 terms
 11:56:39 DEBUG SimpleXMLCollection  :: Found 24 terms
 11:56:39 DEBUG SimpleXMLCollection  :: Found 4 terms
 11:56:39 DEBUG SimpleXMLCollection  :: Found 6 terms
 11:56:39 DEBUG SimpleXMLCollection  :: Found 8 terms
 11:56:39 DEBUG SimpleXMLCollection  :: Found 6 terms
 11:56:39 DEBUG SimpleXMLCollection  :: Found 6 terms
 11:56:39 DEBUG SimpleXMLCollection  :: Found 4 terms
 11:56:39 DEBUG SimpleXMLCollection  :: Found 4 terms
 11:56:39 DEBUG SimpleXMLCollection  :: Found 10 terms
 11:56:39 DEBUG SimpleXMLCollection  :: Found 5 terms
 11:56:39 DEBUG SimpleXMLCollection  :: Found 8 terms
 11:56:39 DEBUG SimpleXMLCollection  :: Found 5 terms
 11:56:39 DEBUG SimpleXMLCollection  :: Found 6 terms
 11:56:39 DEBUG SimpleXMLCollection  :: Found 10 terms
 11:56:39 DEBUG SimpleXMLCollection  :: Found 21 terms
 11:56:39 DEBUG SimpleXMLCollection  :: Found 6 terms
 11:56:39 DEBUG SimpleXMLCollection  :: Found 12 terms
 11:56:39 DEBUG SimpleXMLCollection  :: Found 12 terms
 11:56:39 DEBUG SimpleXMLCollection  :: Found 3 terms
 11:56:39 DEBUG SimpleXMLCollection  :: Found 5 terms
 11:56:39 DEBUG SimpleXMLCollection  :: Found 6 terms
 11:56:39 DEBUG SimpleXMLCollection  :: Found 5 terms
 11:56:39 DEBUG SimpleXMLCollection  :: Found 4 terms
 11:56:39 DEBUG SimpleXMLCollection  :: Found 6 terms
 11:56:39 DEBUG SimpleXMLCollection  :: Found 6 terms
 11:56:39 DEBUG SimpleXMLCollection  :: Found 6 terms
 11:56:39 DEBUG SimpleXMLCollection  :: Found 4 terms
 11:56:39 DEBUG SimpleXMLCollection  :: Found 4 terms
 11:56:39 DEBUG SimpleXMLCollection  :: Found 10 terms
 11:56:39 DEBUG SimpleXMLCollection  :: Found 6 terms
 11:56:39 DEBUG SimpleXMLCollection  :: Found 6 terms
 11:56:39 DEBUG SimpleXMLCollection  :: Found 10 terms
 11:56:39 DEBUG SimpleXMLCollection  :: Found 4 terms
 11:56:39 DEBUG SimpleXMLCollection  :: Found 5 terms
 11:56:39 DEBUG SimpleXMLCollection  :: Found 4 terms
 11:56:39 DEBUG SimpleXMLCollection  :: Found 4 terms
 11:56:39 DEBUG SimpleXMLCollection  :: Found 3 terms
 11:56:39 DEBUG SimpleXMLCollection  :: Found 12 terms
 11:56:39 DEBUG SimpleXMLCollection  :: Found 10 terms
 11:56:39 DEBUG SimpleXMLCollection  :: Found 12 terms
 11:56:39 DEBUG SimpleXMLCollection  :: Found 4 terms
 11:56:39 DEBUG SimpleXMLCollection  :: Found 5 terms
 11:56:39 DEBUG SimpleXMLCollection  :: Found 5 terms
 11:56:39 DEBUG SimpleXMLCollection  :: Found 24 terms
 11:56:39 DEBUG SimpleXMLCollection  :: Found 4 terms
 11:56:39 DEBUG SimpleXMLCollection  :: Found 6 terms
 11:56:39 DEBUG SimpleXMLCollection  :: Found 8 terms
 11:56:39 DEBUG SimpleXMLCollection  :: Found 6 terms
 11:56:39 DEBUG SimpleXMLCollection  :: Found 4 terms
 11:56:39 DEBUG SimpleXMLCollection  :: Found 8 terms
 11:56:39 DEBUG SimpleXMLCollection  :: Found 4 terms
 11:56:39 DEBUG SimpleXMLCollection  :: Found 10 terms
 11:56:39 DEBUG SimpleXMLCollection  :: Found 5 terms
 11:56:39 DEBUG SimpleXMLCollection  :: Found 8 terms
 11:56:39 DEBUG SimpleXMLCollection  :: Found 5 terms
 11:56:39 DEBUG SimpleXMLCollection  :: Found 6 terms
 11:56:39 DEBUG SimpleXMLCollection  :: Found 10 terms
 11:56:39 DEBUG SimpleXMLCollection  :: Found 14 terms
 11:56:39 DEBUG SimpleXMLCollection  :: Found 14 terms
 11:56:39 DEBUG SimpleXMLCollection  :: Found 12 terms
 11:56:39 DEBUG SimpleXMLCollection  :: Found 6 terms
 11:56:39 DEBUG SimpleXMLCollection  :: Found 12 terms
 11:56:39 DEBUG SimpleXMLCollection  :: Found 3 terms
 11:56:39 DEBUG SimpleXMLCollection  :: Found 5 terms
 11:56:39 DEBUG SimpleXMLCollection  :: Found 6 terms
 11:56:39 DEBUG SimpleXMLCollection  :: Found 5 terms
 11:56:39 DEBUG SimpleXMLCollection  :: Found 4 terms
 11:56:39 DEBUG SimpleXMLCollection  :: Found 6 terms
 11:56:39 DEBUG SimpleXMLCollection  :: Found 6 terms
 11:56:39 DEBUG SimpleXMLCollection  :: Found 6 terms
 11:56:39 DEBUG SimpleXMLCollection  :: Found 4 terms
 11:56:39 DEBUG SimpleXMLCollection  :: Found 4 terms
 11:56:39 DEBUG SimpleXMLCollection  :: Found 10 terms
 11:56:39 DEBUG SimpleXMLCollection  :: Found 6 terms
 11:56:39 DEBUG SimpleXMLCollection  :: Found 6 terms
 11:56:39 DEBUG SimpleXMLCollection  :: Found 10 terms
 11:56:39 DEBUG SimpleXMLCollection  :: Found 4 terms
 11:56:39 DEBUG SimpleXMLCollection  :: Found 5 terms
 11:56:39 DEBUG SimpleXMLCollection  :: Found 4 terms
 11:56:39 DEBUG SimpleXMLCollection  :: Found 4 terms
 11:56:39 DEBUG SimpleXMLCollection  :: Found 3 terms
 11:56:39 DEBUG SimpleXMLCollection  :: Found 8 terms
 11:56:39 DEBUG SimpleXMLCollection  :: Found 10 terms
 11:56:39 DEBUG SimpleXMLCollection  :: Found 8 terms
 11:56:39 DEBUG SimpleXMLCollection  :: Found 8 terms
 11:56:39 DEBUG SimpleXMLCollection  :: Found 10 terms
 11:56:39 DEBUG SimpleXMLCollection  :: Found 5 terms
 11:56:39 DEBUG SimpleXMLCollection  :: Found 6 terms
 11:56:39 DEBUG SimpleXMLCollection  :: Found 5 terms
 11:56:39 DEBUG SimpleXMLCollection  :: Found 4 terms
 11:56:39 DEBUG SimpleXMLCollection  :: Found 15 terms
 11:56:39 DEBUG SimpleXMLCollection  :: Found 10 terms
 11:56:39 DEBUG SimpleXMLCollection  :: Found 13 terms
 11:56:39 DEBUG SimpleXMLCollection  :: Found 4 terms
 11:56:39 DEBUG SimpleXMLCollection  :: Found 20 terms
 11:56:39 DEBUG SimpleXMLCollection  :: Found 12 terms
 11:56:39 DEBUG SimpleXMLCollection  :: Found 10 terms
 11:56:39 DEBUG SimpleXMLCollection  :: Found 15 terms
 11:56:39 DEBUG SimpleXMLCollection  :: Found 8 terms
 11:56:39 DEBUG SimpleXMLCollection  :: Found 4 terms
 11:56:39 DEBUG SimpleXMLCollection  :: Found 4 terms
 11:56:39 DEBUG SimpleXMLCollection  :: Found 8 terms
 11:56:39 DEBUG SimpleXMLCollection  :: Found 9 terms
 11:56:39 DEBUG SimpleXMLCollection  :: Found 6 terms
 11:56:39 DEBUG SimpleXMLCollection  :: Found 5 terms
 11:56:39 DEBUG SimpleXMLCollection  :: Found 4 terms
 11:56:39 DEBUG SimpleXMLCollection  :: Found 25 terms
 11:56:39 DEBUG SimpleXMLCollection  :: Found 5 terms
 11:56:39 DEBUG SimpleXMLCollection  :: Found 4 terms
 11:56:39 DEBUG SimpleXMLCollection  :: Found 6 terms
 11:56:39 DEBUG SimpleXMLCollection  :: Found 8 terms
 11:56:39 DEBUG SimpleXMLCollection  :: Found 6 terms
 11:56:39 DEBUG SimpleXMLCollection  :: Found 5 terms
 11:56:39 DEBUG SimpleXMLCollection  :: Found 6 terms
 11:56:39 DEBUG SimpleXMLCollection  :: Found 13 terms
 11:56:39 DEBUG SimpleXMLCollection  :: Found 10 terms
 11:56:39 DEBUG SimpleXMLCollection  :: Found 5 terms
 11:56:39 DEBUG SimpleXMLCollection  :: Found 5 terms
 11:56:39 DEBUG SimpleXMLCollection  :: Found 4 terms
 11:56:39 DEBUG SimpleXMLCollection  :: Found 12 terms
 11:56:39 DEBUG SimpleXMLCollection  :: Found 10 terms
 11:56:39 DEBUG SimpleXMLCollection  :: Found 6 terms
 11:56:39 INFO  SimpleXMLCollection  :: Found 641 documents in /Users/dennisdosso/workspace-rdf/mvn_prova/datasets/retrieved_graphs_in_xml/retrieved_graphs_xml.xml
 11:56:39 DEBUG RuntimeMemoryChecker :: Memory Check Free: 190M, heap allocated 6.742653117275474%
 11:56:39 DEBUG RuntimeMemoryChecker :: Memory Check Free: 190M, heap allocated 6.742653117275474%
 11:56:39 DEBUG RuntimeMemoryChecker :: Memory Check Free: 190M, heap allocated 6.742653117275474%
 11:56:39 DEBUG RuntimeMemoryChecker :: Memory Check Free: 190M, heap allocated 6.742653117275474%
 11:56:39 DEBUG RuntimeMemoryChecker :: Memory Check Free: 190M, heap allocated 6.742653117275474%
 11:56:39 DEBUG RuntimeMemoryChecker :: Memory Check Free: 190M, heap allocated 6.742653117275474%
 11:56:39 DEBUG RuntimeMemoryChecker :: Memory Check Free: 190M, heap allocated 6.742653117275474%
 11:56:39 DEBUG RuntimeMemoryChecker :: Memory Check Free: 190M, heap allocated 6.742653117275474%
 11:56:39 DEBUG RuntimeMemoryChecker :: Memory Check Free: 190M, heap allocated 6.742653117275474%
 11:56:39 DEBUG RuntimeMemoryChecker :: Memory Check Free: 190M, heap allocated 6.742653117275474%
 11:56:39 DEBUG RuntimeMemoryChecker :: Memory Check Free: 189M, heap allocated 6.742653117275474%
 11:56:39 DEBUG RuntimeMemoryChecker :: Memory Check Free: 189M, heap allocated 6.742653117275474%
 11:56:39 DEBUG RuntimeMemoryChecker :: Memory Check Free: 189M, heap allocated 6.742653117275474%
 11:56:39 DEBUG RuntimeMemoryChecker :: Memory Check Free: 189M, heap allocated 6.742653117275474%
 11:56:39 DEBUG RuntimeMemoryChecker :: Memory Check Free: 189M, heap allocated 6.742653117275474%
 11:56:39 DEBUG RuntimeMemoryChecker :: Memory Check Free: 189M, heap allocated 6.742653117275474%
 11:56:39 DEBUG RuntimeMemoryChecker :: Memory Check Free: 189M, heap allocated 6.742653117275474%
 11:56:39 DEBUG RuntimeMemoryChecker :: Memory Check Free: 189M, heap allocated 6.742653117275474%
 11:56:39 DEBUG RuntimeMemoryChecker :: Memory Check Free: 189M, heap allocated 6.742653117275474%
 11:56:39 DEBUG RuntimeMemoryChecker :: Memory Check Free: 189M, heap allocated 6.742653117275474%
 11:56:39 DEBUG RuntimeMemoryChecker :: Memory Check Free: 189M, heap allocated 6.742653117275474%
 11:56:39 DEBUG RuntimeMemoryChecker :: Memory Check Free: 189M, heap allocated 6.742653117275474%
 11:56:39 DEBUG RuntimeMemoryChecker :: Memory Check Free: 189M, heap allocated 6.742653117275474%
 11:56:39 DEBUG RuntimeMemoryChecker :: Memory Check Free: 189M, heap allocated 6.742653117275474%
 11:56:39 DEBUG RuntimeMemoryChecker :: Memory Check Free: 189M, heap allocated 6.742653117275474%
 11:56:39 DEBUG RuntimeMemoryChecker :: Memory Check Free: 189M, heap allocated 6.742653117275474%
 11:56:39 DEBUG RuntimeMemoryChecker :: Memory Check Free: 189M, heap allocated 6.742653117275474%
 11:56:39 DEBUG RuntimeMemoryChecker :: Memory Check Free: 189M, heap allocated 6.742653117275474%
 11:56:39 DEBUG RuntimeMemoryChecker :: Memory Check Free: 189M, heap allocated 6.742653117275474%
 11:56:39 DEBUG RuntimeMemoryChecker :: Memory Check Free: 188M, heap allocated 6.742653117275474%
 11:56:39 DEBUG RuntimeMemoryChecker :: Memory Check Free: 188M, heap allocated 6.742653117275474%
 11:56:39 DEBUG RuntimeMemoryChecker :: Memory Check Free: 188M, heap allocated 6.742653117275474%
 11:56:39 INFO  Indexer              :: Collection #0 took 0 seconds to index (641 documents)
 11:56:39 DEBUG LexiconBuilder       :: flushing lexicon to disk after the direct index completed
 11:56:39 DEBUG Index                :: Attempting to load structure lexicon-keyfactory
 11:56:39 DEBUG FixedSizeTextFactory :: FixedSizeTextFactory: maxKeyWrittenSize=61 for term of size 20
 11:56:39 INFO  LexiconBuilder       :: 1 lexicons to merge
 11:56:39 INFO  LexiconBuilder       :: Optimising structure lexicon
 11:56:39 INFO  FSOMapFileLexicon    :: Optimising lexicon with 282 entries
 11:56:40 INFO  Indexer              :: Started building the inverted index...
 11:56:40 INFO  Indexer              :: Started building the inverted index...
 11:56:40 DEBUG InvertedIndexBuilder :: creating inverted index
 11:56:40 DEBUG Index                :: Attempting to load structure lexicon-inputstream
 11:56:40 INFO  InvertedIndexBuilder :: Iteration 1 of 1 iterations
 11:56:40 DEBUG InvertedIndexBuilder :: Scanning lexicon for 20000000 pointers
 11:56:40 DEBUG InvertedIndexBuilder :: 2614 pointers == 282 terms
 11:56:40 DEBUG InvertedIndexBuilder :: Selected 282 terms, 2614 pointers for this iteration
 11:56:40 DEBUG InvertedIndexBuilder :: time to process part of lexicon: 0.012
 11:56:40 DEBUG InvertedIndexBuilder :: free: 262319kb; total: 316928kb; max: 3728384kb; 82.8% free; 8.5% allocated; 
 11:56:40 DEBUG Index                :: Attempting to load structure direct-inputstream
 11:56:40 DEBUG Index                :: Attempting to load structure document-inputstream
 11:56:40 DEBUG Index                :: Attempting to load structure document-factory
 11:56:40 DEBUG Index                :: Attempting to load structure document
 11:56:40 DEBUG InvertedIndexBuilder :: time to traverse direct file: 0.023
 11:56:40 DEBUG InvertedIndexBuilder :: free: 262319kb; total: 316928kb; max: 3728384kb; 82.8% free; 8.5% allocated; 
 11:56:40 DEBUG InvertedIndexBuilder :: time to write inverted file: 0.004
 11:56:40 DEBUG InvertedIndexBuilder :: free: 262319kb; total: 316928kb; max: 3728384kb; 82.8% free; 8.5% allocated; 
 11:56:40 DEBUG InvertedIndexBuilder :: time to perform one iteration: 0.041
 11:56:40 DEBUG InvertedIndexBuilder :: number of pointers processed: 2614
 11:56:40 DEBUG Index                :: Attempting to load structure lexicon-inputstream
 11:56:40 INFO  LexiconBuilder       :: Optimising structure lexicon
 11:56:40 DEBUG Index                :: Attempting to load structure lexicon-keyfactory
 11:56:40 DEBUG FixedSizeTextFactory :: FixedSizeTextFactory: maxKeyWrittenSize=61 for term of size 20
 11:56:40 DEBUG Index                :: Attempting to load structure lexicon-valuefactory
 11:56:40 INFO  FSOMapFileLexicon    :: Optimising lexicon with 282 entries
 11:56:40 INFO  Indexer              :: Finished building the inverted index...
 11:56:40 INFO  Indexer              :: Time elapsed for inverted file: 0
 11:56:40 DEBUG Index                :: Loading existing index : Index(/Users/dennisdosso/workspace-rdf/mvn_prova/datasets/index,data)
 11:56:40 DEBUG Index                :: Attempting to load structure lexicon
 11:56:40 DEBUG Index                :: Attempting to load structure lexicon-keyfactory
 11:56:40 DEBUG FixedSizeTextFactory :: FixedSizeTextFactory: maxKeyWrittenSize=61 for term of size 20
 11:56:40 DEBUG Index                :: Attempting to load structure lexicon-valuefactory
 11:56:40 DEBUG Index                :: Attempting to load structure inverted
 11:56:40 DEBUG Index                :: Attempting to load structure document
 11:56:40 DEBUG Index                :: Attempting to load structure document-factory
 11:56:40 DEBUG Index                :: Attempting to load structure meta
 11:56:40 INFO  CompressingMetaIndex :: Structure meta reading lookup file into memory
 11:56:40 DEBUG CompressingMetaIndex :: docid2offsets.length: 641 ZIP_COMPRESSION_LEVEL: 5 recordLength: 61
 11:56:40 INFO  CompressingMetaIndex :: Structure meta loading data file into memory
 11:56:40 DEBUG CompressingMetaIndex :: Caching metadata file /Users/dennisdosso/workspace-rdf/mvn_prova/datasets/index/data.meta.zdata to memory
 11:56:40 DEBUG Index                :: Attempting to load structure direct
 